Adding client.mk options from /build/firefox/src/firefox-48.0.2/.mozconfig:
    MOZ_OBJDIR=/build/firefox/src/firefox-48.0.2/obj-x86_64-pc-linux-gnu
    OBJDIR=/build/firefox/src/firefox-48.0.2/obj-x86_64-pc-linux-gnu
    FOUND_MOZCONFIG=/build/firefox/src/firefox-48.0.2/.mozconfig
make[1]: Entering directory '/build/firefox/src/firefox-48.0.2'
cp /build/firefox/src/firefox-48.0.2/.mozconfig /build/firefox/src/firefox-48.0.2/obj-x86_64-pc-linux-gnu/.mozconfig
cd /build/firefox/src/firefox-48.0.2/obj-x86_64-pc-linux-gnu
/build/firefox/src/firefox-48.0.2/configure
Reexecuting in the virtualenv
Adding configure options from /build/firefox/src/firefox-48.0.2/.mozconfig
  --enable-application=browser
  --prefix=/usr
  --enable-release
  --enable-gold
  --enable-pie
  --enable-rust
  --enable-official-branding
  --enable-update-channel=release
  --with-system-nspr
  --with-system-nss
  --with-system-icu
  --with-system-jpeg
  --with-system-zlib
  --with-system-bz2
  --with-system-libevent
  --with-system-libvpx
  --enable-system-hunspell
  --enable-system-sqlite
  --enable-system-ffi
  --enable-system-pixman
  --enable-startup-notification
  --disable-updater
  --disable-crashreporter
  --with-google-api-keyfile=/build/firefox/src/firefox-48.0.2/google-api-key
  --with-google-oauth-api-keyfile=/build/firefox/src/firefox-48.0.2/google-oauth-api-key
  --with-mozilla-api-keyfile=/build/firefox/src/firefox-48.0.2/mozilla-api-key
  MOZ_ADDON_SIGNING=1
  MOZ_REQUIRE_SIGNING=1
  STRIP_FLAGS=--strip-debug
checking for a shell... /usr/bin/sh
checking for host system type... x86_64-pc-linux-gnu
checking for target system type... x86_64-pc-linux-gnu
checking whether cross compiling... no
checking for tar... /usr/bin/tar
checking for unzip... /usr/bin/unzip
checking for zip... /usr/bin/zip
checking for yasm... /usr/bin/yasm
checking yasm version... 1.3.0
checking for the target C compiler... /usr/bin/gcc
checking whether the target C compiler can be used... yes
checking the target C compiler version... 6.1.1
checking for the target C++ compiler... /usr/bin/g++
checking whether the target C++ compiler can be used... yes
checking the target C++ compiler version... 6.1.1
checking for the host C compiler... /usr/bin/gcc
checking whether the host C compiler can be used... yes
checking the host C compiler version... 6.1.1
checking for the host C++ compiler... /usr/bin/g++
checking whether the host C++ compiler can be used... yes
checking the host C++ compiler version... 6.1.1
checking for awk... /usr/bin/gawk
checking for perl... /usr/bin/perl
checking for minimum required perl version >= 5.006... 5.024000
checking for full perl installation... yes
checking for doxygen... not found
checking for xargs... /usr/bin/xargs
checking for rpmbuild... not found
checking for autoconf... /usr/bin/autoconf-2.13
loading cache ./config.cache
checking host system type... x86_64-pc-linux-gnu
checking target system type... x86_64-pc-linux-gnu
checking build system type... x86_64-pc-linux-gnu
checking for objcopy... (cached) /usr/bin/objcopy
checking for gcc... (cached) /usr/bin/gcc -std=gnu99
checking whether the C compiler (/usr/bin/gcc -std=gnu99 -march=x86-64 -mtune=generic -O2 -pipe -fstack-protector-strong -Wl,-O1,--sort-common,--as-needed,-z,relro) works... yes
checking whether the C compiler (/usr/bin/gcc -std=gnu99 -march=x86-64 -mtune=generic -O2 -pipe -fstack-protector-strong -Wl,-O1,--sort-common,--as-needed,-z,relro) is a cross-compiler... no
checking whether we are using GNU C... (cached) yes
checking whether /usr/bin/gcc -std=gnu99 accepts -g... (cached) yes
checking for c++... (cached) /usr/bin/g++ -std=gnu++11
checking whether the C++ compiler (/usr/bin/g++ -std=gnu++11 -march=x86-64 -mtune=generic -O2 -pipe -fstack-protector-strong -Wl,-O1,--sort-common,--as-needed,-z,relro) works... yes
checking whether the C++ compiler (/usr/bin/g++ -std=gnu++11 -march=x86-64 -mtune=generic -O2 -pipe -fstack-protector-strong -Wl,-O1,--sort-common,--as-needed,-z,relro) is a cross-compiler... no
checking whether we are using GNU C++... (cached) yes
checking whether /usr/bin/g++ -std=gnu++11 accepts -g... (cached) yes
checking for ranlib... (cached) ranlib
checking for as... (cached) /usr/bin/as
checking for ar... (cached) ar
checking for ld... (cached) ld
checking for strip... (cached) strip
checking for windres... no
checking for otool... no
checking for rustc... (cached) /usr/bin/rustc
checking rustc version... 1.11.0 (1.11.0)
checking how to run the C preprocessor... (cached) /usr/bin/gcc -std=gnu99 -E
checking how to run the C++ preprocessor... (cached) /usr/bin/g++ -std=gnu++11 -E
checking for make... (cached) /usr/bin/make
checking for X... (cached) libraries /usr/lib64, headers 
checking for dnet_ntoa in -ldnet... (cached) no
checking for dnet_ntoa in -ldnet_stub... (cached) no
checking for gethostbyname... (cached) yes
checking for connect... (cached) yes
checking for remove... (cached) yes
checking for shmat... (cached) yes
checking for IceConnectionNumber in -lICE... (cached) yes
checking that static assertion macros used in autoconf tests work... (cached) yes
checking for --noexecstack option to as... yes
checking for -z noexecstack option to ld... yes
checking for -z text option to ld... yes
checking for --build-id option to ld... yes
checking for --ignore-unresolved-symbol option to ld... yes
checking if toolchain supports -mssse3 option... yes
checking if toolchain supports -msse4.1 option... yes
checking for x86 AVX2 asm support in compiler... yes
checking whether the C compiler supports -Wclass-varargs... no
checking whether the C compiler supports -Wloop-analysis... no
checking whether the C compiler supports -Wthread-safety... no
checking whether the C compiler supports -Wno-error=maybe-uninitialized... yes
checking whether the C compiler supports -Wno-error=deprecated-declarations... yes
checking whether the C compiler supports -Wno-error=array-bounds... yes
checking whether the C++ compiler supports -Wc++11-compat-pedantic... no
checking whether the C++ compiler supports -Wc++14-compat... yes
checking whether the C++ compiler supports -Wc++14-compat-pedantic... no
checking whether the C++ compiler supports -Wc++1z-compat... no
checking whether the C++ compiler supports -Wclass-varargs... no
checking whether the C++ compiler supports -Wimplicit-fallthrough... no
checking whether the C++ compiler supports -Wloop-analysis... no
checking whether the C++ compiler supports -Wthread-safety... no
checking whether the C++ compiler supports -Wno-inline-new-delete... no
checking whether the C++ compiler supports -Wno-error=maybe-uninitialized... yes
checking whether the C++ compiler supports -Wno-error=deprecated-declarations... yes
checking whether the C++ compiler supports -Wno-error=array-bounds... yes
checking for 64-bit OS... yes
checking rustc target sse2 support... ok
checking whether the C++ compiler (/usr/bin/g++ -std=gnu++11 -march=x86-64 -mtune=generic -O2 -pipe -fstack-protector-strong -fno-exceptions -fno-strict-aliasing -fno-rtti -Wl,-O1,--sort-common,--as-needed,-z,relro -Wl,-z,noexecstack -Wl,-z,text -Wl,--build-id) actually is a C++ compiler... yes
checking whether the linker supports Identical Code Folding... yes
checking whether removing dead symbols breaks debugging... no
checking for PIE support... yes
checking for ANSI C header files... (cached) yes
checking for working const... (cached) yes
checking for mode_t... (cached) yes
checking for off_t... (cached) yes
checking for pid_t... (cached) yes
checking for size_t... (cached) yes
checking whether 64-bits std::atomic requires -latomic... (cached) no
checking for dirent.h that defines DIR... (cached) yes
checking for opendir in -ldir... (cached) no
checking for sys/byteorder.h... (cached) no
checking for compat.h... (cached) no
checking for getopt.h... (cached) yes
checking for sys/bitypes.h... (cached) yes
checking for memory.h... (cached) yes
checking for unistd.h... (cached) yes
checking for gnu/libc-version.h... (cached) yes
checking for nl_types.h... (cached) yes
checking for malloc.h... (cached) yes
checking for X11/XKBlib.h... (cached) yes
checking for io.h... (cached) no
checking for cpuid.h... (cached) yes
checking for sys/statvfs.h... (cached) yes
checking for sys/statfs.h... (cached) yes
checking for sys/vfs.h... (cached) yes
checking for sys/mount.h... (cached) yes
checking for sys/quota.h... (cached) yes
checking for sys/sysmacros.h... (cached) yes
checking for linux/quota.h... (cached) yes
checking for linux/if_addr.h... (cached) yes
checking for linux/rtnetlink.h... (cached) yes
checking for sys/queue.h... (cached) yes
checking for sys/types.h... (cached) yes
checking for netinet/in.h... (cached) yes
checking for byteswap.h... (cached) yes
checking for sockaddr_in.sin_len... (cached) false
checking for sockaddr_in6.sin6_len... (cached) false
checking for sockaddr.sa_len... (cached) false
checking for linux/perf_event.h... (cached) yes
checking for perf_event_open system call... (cached) yes
checking for gethostbyname_r in -lc_r... (cached) no
checking for library containing dlopen... (cached) -ldl
checking for dlfcn.h... (cached) yes
checking for dladdr... (cached) yes
checking for memmem... (cached) yes
checking for socket in -lsocket... (cached) no
checking for XDrawLines in -lX11... (cached) yes
checking for XextAddDisplay in -lXext... (cached) yes
checking for XtFree in -lXt... (cached) yes
checking for XShmCreateImage in -lXext... (cached) yes
checking for X11/extensions/scrnsaver.h... (cached) no
checking for pthread_create in -lpthreads... (cached) no
checking for pthread_create in -lpthread... (cached) yes
checking whether /usr/bin/gcc -std=gnu99 accepts -pthread... yes
checking for pthread.h... (cached) yes
checking whether /usr/bin/gcc -std=gnu99 needs -traditional... (cached) no
checking for 8-bit clean memcmp... (cached) yes
checking for stat64... (cached) yes
checking for lstat64... (cached) yes
checking for truncate64... (cached) yes
checking for statvfs64... (cached) yes
checking for statvfs... (cached) yes
checking for statfs64... (cached) yes
checking for statfs... (cached) yes
checking for getpagesize... (cached) yes
checking for gmtime_r... (cached) yes
checking for localtime_r... (cached) yes
checking for arc4random... (cached) no
checking for arc4random_buf... (cached) no
checking for mallinfo... (cached) yes
checking for gettid... (cached) no
checking for lchown... (cached) yes
checking for setpriority... (cached) yes
checking for strerror... (cached) yes
checking for syscall... (cached) yes
checking for clock_gettime(CLOCK_MONOTONIC)... (cached) 
checking for wcrtomb... (cached) yes
checking for mbrtowc... (cached) yes
checking for res_ninit()... (cached) yes
checking for iconv in -lc... (cached) yes
checking for iconv()... (cached) yes
checking for iconv() with const input... (cached) no
checking for nl_langinfo and CODESET... (cached) yes
checking for an implementation of va_copy()... (cached) yes
checking whether va_list can be copied by value... (cached) no
checking whether the C++ "using" keyword resolves ambiguity... (cached) yes
checking for C++ dynamic_cast to void*... (cached) yes
checking for __thread keyword for TLS variables... (cached) yes
checking for __attribute__((always_inline))... (cached) yes
checking for LC_MESSAGES... (cached) yes
checking for localeconv... (cached) yes
checking for malloc.h... (cached) yes
checking for alloca.h... (cached) yes
checking for strndup... (cached) yes
checking for posix_memalign... (cached) yes
checking for memalign... (cached) yes
checking for malloc_usable_size... (cached) yes
checking for malloc.h... (cached) yes
checking whether malloc_usable_size definition can use const argument... no
checking for valloc in malloc.h... yes
checking for valloc in unistd.h... no
checking NSPR selection... system
checking for nspr-config... /usr/bin/nspr-config
checking for NSPR - version >= 4.12... yes
checking for pkg-config... (cached) /usr/bin/pkg-config
checking for libevent... yes
checking MOZ_LIBEVENT_CFLAGS... 
checking MOZ_LIBEVENT_LIBS... -levent
checking for nss-config... /usr/bin/nss-config
checking for NSS - version >= 3.24... yes
checking for jpeg_destroy_compress in -ljpeg... (cached) yes
checking for gzread in -lz... (cached) yes
checking for BZ2_bzread in -lbz2... (cached) yes
checking for hunspell... yes
checking MOZ_HUNSPELL_CFLAGS... -I/usr/include/hunspell
checking MOZ_HUNSPELL_LIBS... -lhunspell-1.4
checking for libffi >= 3.0.9... yes
checking MOZ_FFI_CFLAGS... -I/usr/lib/libffi-3.2.1/include
checking MOZ_FFI_LIBS... -L/usr/lib/../lib -lffi
checking if app-specific confvars.sh exists... /build/firefox/src/firefox-48.0.2/browser/confvars.sh
checking for gtk+-3.0 >= 3.4.0 gtk+-unix-print-3.0 glib-2.0 gobject-2.0 ... yes
checking MOZ_GTK3_CFLAGS... -pthread -I/usr/include/gtk-3.0/unix-print -I/usr/include/gtk-3.0 -I/usr/include/at-spi2-atk/2.0 -I/usr/include/at-spi-2.0 -I/usr/include/dbus-1.0 -I/usr/lib/dbus-1.0/include -I/usr/include/gtk-3.0 -I/usr/include/gio-unix-2.0/ -I/usr/include/cairo -I/usr/include/pango-1.0 -I/usr/include/atk-1.0 -I/usr/include/cairo -I/usr/include/pixman-1 -I/usr/include/freetype2 -I/usr/include/libpng16 -I/usr/include/harfbuzz -I/usr/include/glib-2.0 -I/usr/lib/glib-2.0/include -I/usr/include/freetype2 -I/usr/include/harfbuzz -I/usr/include/libdrm -I/usr/include/libpng16 -I/usr/include/gdk-pixbuf-2.0 -I/usr/include/libpng16 -I/usr/include/glib-2.0 -I/usr/lib/glib-2.0/include
checking MOZ_GTK3_LIBS... -lgtk-3 -lgdk-3 -lpangocairo-1.0 -lpango-1.0 -latk-1.0 -lcairo-gobject -lcairo -lgdk_pixbuf-2.0 -lgio-2.0 -lgobject-2.0 -lglib-2.0
checking for gtk+-2.0 >= 2.18.0 gtk+-unix-print-2.0 glib-2.0 >= 2.22 gobject-2.0 gdk-x11-2.0... yes
checking MOZ_GTK2_CFLAGS... -pthread -I/usr/include/gtk-2.0 -I/usr/include/gtk-unix-print-2.0 -I/usr/include/gtk-2.0 -I/usr/include/atk-1.0 -I/usr/include/gtk-2.0 -I/usr/lib/gtk-2.0/include -I/usr/include/pango-1.0 -I/usr/include/cairo -I/usr/include/pixman-1 -I/usr/include/freetype2 -I/usr/include/libpng16 -I/usr/include/harfbuzz -I/usr/include/glib-2.0 -I/usr/lib/glib-2.0/include -I/usr/include/freetype2 -I/usr/include/harfbuzz -I/usr/include/libdrm -I/usr/include/libpng16 -I/usr/include/gdk-pixbuf-2.0 -I/usr/include/libpng16 -I/usr/include/glib-2.0 -I/usr/lib/glib-2.0/include
checking MOZ_GTK2_LIBS... -lgtk-x11-2.0 -latk-1.0 -lgio-2.0 -lpangoft2-1.0 -lfontconfig -lfreetype -lgdk-x11-2.0 -lpangocairo-1.0 -lpango-1.0 -lcairo -lgdk_pixbuf-2.0 -lgobject-2.0 -lglib-2.0
checking for libstartup-notification-1.0 >= 0.8... yes
checking MOZ_STARTUP_NOTIFICATION_CFLAGS... -I/usr/include/startup-notification-1.0
checking MOZ_STARTUP_NOTIFICATION_LIBS... -lstartup-notification-1
checking for pango >= 1.22.0... yes
checking _PANGOCHK_CFLAGS... -I/usr/include/pango-1.0 -I/usr/include/glib-2.0 -I/usr/lib/glib-2.0/include
checking _PANGOCHK_LIBS... -lpango-1.0 -lgobject-2.0 -lglib-2.0
checking for pango >= 1.22.0 pangoft2 >= 1.22.0 pangocairo >= 1.22.0... yes
checking MOZ_PANGO_CFLAGS... -I/usr/include/pango-1.0 -I/usr/include/cairo -I/usr/include/pixman-1 -I/usr/include/freetype2 -I/usr/include/libpng16 -I/usr/include/harfbuzz -I/usr/include/glib-2.0 -I/usr/lib/glib-2.0/include -I/usr/include/freetype2 -I/usr/include/harfbuzz -I/usr/include/glib-2.0 -I/usr/lib/glib-2.0/include -I/usr/include/libdrm -I/usr/include/libpng16
checking MOZ_PANGO_LIBS... -lpangoft2-1.0 -lfontconfig -lfreetype -lpangocairo-1.0 -lpango-1.0 -lgobject-2.0 -lglib-2.0 -lcairo
checking for gio-2.0 >= 2.22... yes
checking MOZ_GIO_CFLAGS... -pthread -I/usr/include/glib-2.0 -I/usr/lib/glib-2.0/include
checking MOZ_GIO_LIBS... -lgio-2.0 -lgobject-2.0 -lglib-2.0
checking for gconf-2.0 >= 1.2.1 gobject-2.0 ... yes
checking MOZ_GCONF_CFLAGS... -pthread -I/usr/include/gconf/2 -I/usr/include/dbus-1.0 -I/usr/lib/dbus-1.0/include -I/usr/include/glib-2.0 -I/usr/lib/glib-2.0/include
checking MOZ_GCONF_LIBS... -lgconf-2 -lgobject-2.0 -lglib-2.0
checking for dbus-1 >= 0.60... yes
checking MOZ_DBUS_CFLAGS... -I/usr/include/dbus-1.0 -I/usr/lib/dbus-1.0/include
checking MOZ_DBUS_LIBS... -ldbus-1
checking for dbus-glib-1 >= 0.60... yes
checking MOZ_DBUS_GLIB_CFLAGS... -I/usr/include/dbus-1.0 -I/usr/lib/dbus-1.0/include -I/usr/include/glib-2.0 -I/usr/lib/glib-2.0/include
checking MOZ_DBUS_GLIB_LIBS... -ldbus-glib-1 -ldbus-1 -lgobject-2.0 -lglib-2.0
checking __attribute__ ((aligned ())) support... (cached) 64
checking for vpx >= 1.5.0... yes
checking MOZ_LIBVPX_CFLAGS... 
checking MOZ_LIBVPX_LIBS... -lvpx -lm
checking for vpx/vpx_decoder.h... (cached) yes
checking for vpx_codec_dec_init_ver in -lvpx... (cached) yes
checking for vpx_mem/vpx_mem.h... (cached) no
checking for alsa... yes
checking MOZ_ALSA_CFLAGS... -I/usr/include/alsa
checking MOZ_ALSA_LIBS... -lasound
checking for libpulse... yes
checking MOZ_PULSEAUDIO_CFLAGS... -D_REENTRANT
checking MOZ_PULSEAUDIO_LIBS... -lpulse
checking for java... (cached) :
checking for javac... (cached) :
checking for javah... (cached) :
checking for jar... (cached) :
checking for jarsigner... (cached) :
checking for keytool... (cached) :
checking for linux/joystick.h... (cached) yes
/build/firefox/src/firefox-48.0.2/old-configure: line 21277: test: : integer expression expected
checking for wget... no
checking for sqlite3 >= 3.12.2... yes
checking SQLITE_CFLAGS... 
checking SQLITE_LIBS... -lsqlite3
checking for SQLITE_SECURE_DELETE support in system SQLite... (cached) yes
checking for SQLITE_THREADSAFE support in system SQLite... (cached) yes
checking for SQLITE_ENABLE_FTS3 support in system SQLite... (cached) yes
checking for SQLITE_ENABLE_UNLOCK_NOTIFY support in system SQLite... (cached) yes
checking for SQLITE_ENABLE_DBSTAT_VTAB support in system SQLite... (cached) yes
checking for valid C compiler optimization flags... yes
checking whether linker creates PT_GNU_RELRO segments... yes
configure: warning: Disabling elfhack
checking for __cxa_demangle... (cached) yes
checking for unwind.h... (cached) yes
checking for _Unwind_Backtrace... (cached) yes
checking for -pipe support... yes
checking whether C compiler supports -fprofile-generate... yes
checking what kind of list files are supported by the linker... linkerscript
checking what kind of ordering can be done with the linker... section-ordering-file
checking for glib-2.0 >= 1.3.7 gobject-2.0... yes
checking GLIB_CFLAGS... -I/usr/include/glib-2.0 -I/usr/lib/glib-2.0/include
checking GLIB_LIBS... -lgobject-2.0 -lglib-2.0
checking for freetype2 >= 6.1.0... yes
checking FT2_CFLAGS... -I/usr/include/freetype2 -I/usr/include/libpng16 -I/usr/include/harfbuzz -I/usr/include/glib-2.0 -I/usr/lib/glib-2.0/include
checking FT2_LIBS... -lfreetype
checking for FT_Bitmap_Size.y_ppem... (cached) yes
checking for FT_GlyphSlot_Embolden... (cached) yes
checking for FT_Load_Sfnt_Table... (cached) yes
checking for fontconfig/fcfreetype.h... (cached) yes
checking for fontconfig >= 2.7.0... yes
checking _FONTCONFIG_CFLAGS... -I/usr/include/freetype2 -I/usr/include/libpng16 -I/usr/include/harfbuzz -I/usr/include/glib-2.0 -I/usr/lib/glib-2.0/include -I/usr/include/freetype2 -I/usr/include/libpng16 -I/usr/include/harfbuzz -I/usr/include/glib-2.0 -I/usr/lib/glib-2.0/include
checking _FONTCONFIG_LIBS... -lfontconfig -lfreetype
checking for pixman-1 >= 0.19.2... yes
checking MOZ_PIXMAN_CFLAGS... -I/usr/include/pixman-1
checking MOZ_PIXMAN_LIBS... -lpixman-1
checking for stdint.h... (cached) yes
checking for inttypes.h... (cached) yes
checking for posix_fadvise... (cached) yes
checking for posix_fallocate... (cached) yes
checking for icu-i18n >= 50.1... yes
checking MOZ_ICU_CFLAGS... 
checking MOZ_ICU_LIBS... -licui18n -licuuc -licudata
creating ./config.data

Creating config.status
Reticulating splines...
Finished reading 2917 moz.build files in 3.06s
Processed into 8668 build config descriptors in 2.04s
RecursiveMake backend executed in 4.25s
  2619 total backend files; 0 created; 1 updated; 2618 unchanged; 0 deleted; 48 -> 979 Makefile
FasterMake backend executed in 0.25s
  10 total backend files; 0 created; 0 updated; 10 unchanged; 0 deleted
Total wall time: 9.81s; CPU time: 9.07s; Efficiency: 92%; Untracked: 0.21s
make[1]: Leaving directory '/build/firefox/src/firefox-48.0.2'
make -j8 -C /build/firefox/src/firefox-48.0.2/obj-x86_64-pc-linux-gnu install
make[1]: Entering directory '/build/firefox/src/firefox-48.0.2/obj-x86_64-pc-linux-gnu'
make[2]: Entering directory '/build/firefox/src/firefox-48.0.2/obj-x86_64-pc-linux-gnu/browser/installer'
OMNIJAR_NAME=omni.ja \
NO_PKG_FILES="core bsdecho js js-config jscpucfg nsinstall viewer TestGtkEmbed elf-dynstr-gc mangle* maptsv* mfc* msdump* msmap* nm2tsv* nsinstall* res/samples res/throbber shlibsign* certutil* pk12util* BadCertServer* OCSPStaplingServer* GenerateOCSPResponse* chrome/chrome.rdf chrome/app-chrome.manifest chrome/overlayinfo components/compreg.dat components/xpti.dat content_unit_tests necko_unit_tests *.dSYM " \
/build/firefox/src/firefox-48.0.2/obj-x86_64-pc-linux-gnu/_virtualenv/bin/python /build/firefox/src/firefox-48.0.2/toolkit/mozapps/installer/packager.py -DMOZ_APP_NAME=firefox -DPREF_DIR=defaults/preferences -DMOZ_GTK=1 -DMOZ_GTK3=1 -DMOZ_SYSTEM_NSPR=1 -DMOZ_SYSTEM_NSS=1 -DJAREXT= -DMOZ_CHILD_PROCESS_NAME=plugin-container -DNECKO_WIFI -DDLL_PREFIX=lib -DDLL_SUFFIX=.so -DBIN_SUFFIX= -DDIR_MACOS= -DDIR_RESOURCES= -DBINPATH=bin -DRESPATH=bin -DLPROJ_ROOT=en -DMOZ_ICU_VERSION=56 -DMOZ_SYSTEM_ICU -DMOZ_ICU_DBG_SUFFIX= -DICU_DATA_FILE=icudt56l.dat -DACCESSIBILITY=1 -DATK_MAJOR_VERSION=2 -DATK_MINOR_VERSION=20 -DATK_REV_VERSION=0 -DATTRIBUTE_ALIGNED_MAX=64 -DBUILD_CTYPES=1 -DCROSS_COMPILE='' -DD_INO=d_ino -DENABLE_INTL_API=1 -DENABLE_MARIONETTE=1 -DENABLE_SYSTEM_EXTENSION_DIRS=1 -DENABLE_TESTS=1 -DEXPOSE_INTL_API=1 -DFIREFOX_VERSION=48.0.2 -DFORCE_PR_LOG=1 -DFUNCPROTO=15 -DGDK_VERSION_MAX_ALLOWED=GDK_VERSION_3_4 -DGDK_VERSION_MIN_REQUIRED=GDK_VERSION_3_4 -DGLIB_VERSION_MAX_ALLOWED=GLIB_VERSION_2_32 -DGLIB_VERSION_MIN_REQUIRED=GLIB_VERSION_2_26 -DGL_PROVIDER_GLX=1 -DGTEST_HAS_RTTI=0 -DHAVE_64BIT_BUILD=1 -DHAVE_ALLOCA_H=1 -DHAVE_BYTESWAP_H=1 -DHAVE_CLOCK_MONOTONIC=1 -DHAVE_CPUID_H=1 -DHAVE_DIRENT_H=1 -DHAVE_DLADDR=1 -DHAVE_DLOPEN=1 -DHAVE_FONTCONFIG_FCFREETYPE_H=1 -DHAVE_FT_BITMAP_SIZE_Y_PPEM=1 -DHAVE_FT_GLYPHSLOT_EMBOLDEN=1 -DHAVE_FT_LOAD_SFNT_TABLE=1 -DHAVE_GETOPT_H=1 -DHAVE_GMTIME_R=1 -DHAVE_GNU_LIBC_VERSION_H=1 -DHAVE_I18N_LC_MESSAGES=1 -DHAVE_INTTYPES_H=1 -DHAVE_LANGINFO_CODESET=1 -DHAVE_LCHOWN=1 -DHAVE_LIBVPX=1 -DHAVE_LINUX_IF_ADDR_H=1 -DHAVE_LINUX_QUOTA_H=1 -DHAVE_LINUX_RTNETLINK_H=1 -DHAVE_LOCALECONV=1 -DHAVE_LOCALTIME_R=1 -DHAVE_LSTAT64=1 -DHAVE_MALLINFO=1 -DHAVE_MALLOC_H=1 -DHAVE_MALLOC_USABLE_SIZE=1 -DHAVE_MEMALIGN=1 -DHAVE_MEMMEM=1 -DHAVE_MEMORY_H=1 -DHAVE_NETINET_IN_H=1 -DHAVE_NL_TYPES_H=1 -DHAVE_POSIX_FADVISE=1 -DHAVE_POSIX_FALLOCATE=1 -DHAVE_POSIX_MEMALIGN=1 -DHAVE_PTHREAD_H=1 -DHAVE_RES_NINIT=1 -DHAVE_SETPRIORITY=1 -DHAVE_STAT64=1 -DHAVE_STDINT_H=1 -DHAVE_STRERROR=1 -DHAVE_STRNDUP=1 -DHAVE_SYSCALL=1 -DHAVE_SYS_BITYPES_H=1 -DHAVE_SYS_QUEUE_H=1 -DHAVE_SYS_QUOTA_H=1 -DHAVE_SYS_SYSMACROS_H=1 -DHAVE_SYS_TYPES_H=1 -DHAVE_THREAD_TLS_KEYWORD=1 -DHAVE_TRUNCATE64=1 -DHAVE_UNISTD_H=1 -DHAVE_VALLOC=1 -DHAVE_VA_COPY=1 -DHAVE_VA_LIST_AS_ARRAY=1 -DHAVE_VISIBILITY_ATTRIBUTE=1 -DHAVE_VISIBILITY_HIDDEN_ATTRIBUTE=1 -DHAVE_X11_XKBLIB_H=1 -DHAVE__UNWIND_BACKTRACE=1 -DHAVE___CXA_DEMANGLE=1 -DJS_DEFAULT_JITREPORT_GRANULARITY=3 -DMALLOC_H='<malloc.h>' -DMALLOC_USABLE_SIZE_CONST_PTR='' -DMOZILLA_UAVERSION='"48.0"' -DMOZILLA_VERSION='"48.0.2"' -DMOZILLA_VERSION_U=48.0.2 -DMOZ_ACCESSIBILITY_ATK=1 -DMOZ_ACTIVITIES=1 -DMOZ_ADDON_SIGNING=1 -DMOZ_APP_UA_NAME='""' -DMOZ_APP_UA_VERSION='"48.0.2"' -DMOZ_B2G_OS_NAME='""' -DMOZ_B2G_VERSION='"1.0.0"' -DMOZ_BUILD_APP=browser -DMOZ_CRASHREPORTER_ENABLE_PERCENT=100 -DMOZ_DATA_REPORTING=1 -DMOZ_DEBUG_SYMBOLS=1 -DMOZ_DISTRIBUTION_ID='"org.mozilla"' -DMOZ_DLL_SUFFIX='".so"' -DMOZ_EME=1 -DMOZ_ENABLE_DBUS=1 -DMOZ_ENABLE_GCONF=1 -DMOZ_ENABLE_GIO=1 -DMOZ_ENABLE_PROFILER_SPS=1 -DMOZ_ENABLE_SIGNMAR=1 -DMOZ_ENABLE_SKIA=1 -DMOZ_ENABLE_STARTUP_NOTIFICATION=1 -DMOZ_ENABLE_XREMOTE=1 -DMOZ_FEEDS=1 -DMOZ_FFMPEG=1 -DMOZ_FFVPX=1 -DMOZ_FMP4=1 -DMOZ_GAMEPAD=1 -DMOZ_GLUE_IN_PROGRAM=1 -DMOZ_GMP_SANDBOX=1 -DMOZ_INSTRUMENT_EVENT_LOOP=1 -DMOZ_JSDOWNLOADS=1 -DMOZ_LIBAV_FFT=1 -DMOZ_LOGGING=1 -DMOZ_MACBUNDLE_ID=org.mozilla.firefox -DMOZ_MEMORY=1 -DMOZ_MEMORY_LINUX=1 -DMOZ_OFFICIAL_BRANDING=1 -DMOZ_PAY=1 -DMOZ_PEERCONNECTION=1 -DMOZ_PERMISSIONS=1 -DMOZ_PHOENIX=1 -DMOZ_PLACES=1 -DMOZ_RAW=1 -DMOZ_REQUIRE_SIGNING=1 -DMOZ_RUST_MP4PARSE=1 -DMOZ_SAFE_BROWSING=1 -DMOZ_SAMPLE_TYPE_FLOAT32=1 -DMOZ_SANDBOX=1 -DMOZ_SCTP=1 -DMOZ_SECUREELEMENT=1 -DMOZ_SERVICES_CLOUDSYNC=1 -DMOZ_SERVICES_COMMON=1 -DMOZ_SERVICES_CRYPTO=1 -DMOZ_SERVICES_HEALTHREPORT=1 -DMOZ_SERVICES_SYNC=1 -DMOZ_SOCIAL=1 -DMOZ_SRTP=1 -DMOZ_STACKWALKING=1 -DMOZ_STATIC_JS=1 -DMOZ_SYSTEM_SQLITE=1 -DMOZ_TREE_CAIRO=1 -DMOZ_UPDATE_CHANNEL=release -DMOZ_URL_CLASSIFIER=1 -DMOZ_USER_DIR='".mozilla"' -DMOZ_VORBIS=1 -DMOZ_VPX_ERROR_CONCEALMENT=1 -DMOZ_VPX_NO_MEM_REPORTING=1 -DMOZ_WEBGL_CONFORMANT=1 -DMOZ_WEBM_ENCODER=1 -DMOZ_WEBRTC=1 -DMOZ_WEBRTC_ASSERT_ALWAYS=1 -DMOZ_WEBRTC_SIGNALING=1 -DMOZ_WEBSPEECH=1 -DMOZ_WEBSPEECH_TEST_BACKEND=1 -DMOZ_WIDGET_GTK=3 -DMOZ_X11=1 -DMOZ_XUL=1 -DNO_NSPR_10_SUPPORT=1 -DNS_PRINTING=1 -DNS_PRINT_PREVIEW=1 -DRELEASE_BUILD=1 -DSTATIC_JS_API=1 -DSTDC_HEADERS=1 -DTARGET_XPCOM_ABI='"x86_64-gcc3"' -DUSE_SKIA=1 -DUSE_SKIA_GPU=1 -DVA_COPY=va_copy -DXP_LINUX=1 -DXP_UNIX=1 -D_REENTRANT=1 -DAB_CD=en-US \
	--format omni \
	--removals /build/firefox/src/firefox-48.0.2/browser/installer/removed-files.in \
	 \
	 \
	 \
	 \
	--optimizejars \
	 \
	 \
	/build/firefox/src/firefox-48.0.2/browser/installer/package-manifest.in ../../dist ../../dist/firefox \
	
Executing /build/firefox/src/firefox-48.0.2/obj-x86_64-pc-linux-gnu/dist/bin/xpcshell -g /build/firefox/src/firefox-48.0.2/obj-x86_64-pc-linux-gnu/dist/bin/ -a /build/firefox/src/firefox-48.0.2/obj-x86_64-pc-linux-gnu/dist/bin/ -f /build/firefox/src/firefox-48.0.2/toolkit/mozapps/installer/precompile_cache.js -e precompile_startupcache("resource://gre/");
resource://gre/components/ActivityMessageConfigurator.js
resource://gre/components/ActivityProxy.js
resource://gre/components/ActivityRequestHandler.js
resource://gre/components/ActivityWrapper.js
resource://gre/components/AlarmsManager.js
resource://gre/components/AppsService.js
resource://gre/components/BrowserElementParent.js
resource://gre/components/BrowserElementProxy.js
resource://gre/components/CSSUnprefixingService.js
resource://gre/components/ChromeNotifications.js
resource://gre/components/ColorAnalyzer.js
resource://gre/components/ConsoleAPIStorage.js
resource://gre/components/ContactManager.js
resource://gre/components/ContentProcessSingleton.js
resource://gre/components/DOMSecureElement.js
resource://gre/components/DataStoreImpl.js
resource://gre/components/DownloadLegacy.js
resource://gre/components/FeedProcessor.js
resource://gre/components/FormAutofillContentService.js
resource://gre/components/FormAutofillStartup.js
resource://gre/components/FormHistoryStartup.js
resource://gre/components/FxAccountsPush.js
resource://gre/components/InstallPackagedWebapp.js
resource://gre/components/InterAppCommService.js
resource://gre/components/InterAppConnection.js
resource://gre/components/InterAppMessagePort.js
resource://gre/components/MainProcessSingleton.js
resource://gre/components/MozKeyboard.js
resource://gre/components/NetworkGeolocationProvider.js
resource://gre/components/NotificationStorage.js
resource://gre/components/PACGenerator.js
resource://gre/components/PackagedAppUtils.js
resource://gre/components/PageThumbsProtocol.js
resource://gre/components/Payment.js
resource://gre/components/PaymentFlowInfo.js
resource://gre/components/PaymentProvider.js
resource://gre/components/PeerConnection.js
resource://gre/components/PermissionPromptService.js
resource://gre/components/PermissionSettings.js
resource://gre/components/PhoneNumberService.js
resource://gre/components/PlacesCategoriesStarter.js
resource://gre/components/PresentationDataChannelSessionTransport.js
resource://gre/components/PresentationDeviceInfoManager.js
resource://gre/components/PrivateBrowsingTrackingProtectionWhitelist.js
resource://gre/components/Push.js
resource://gre/components/PushComponents.js
resource://gre/components/PushServiceHandler.js
resource://gre/components/RemoteWebNavigation.js
resource://gre/components/RequestSyncManager.js
resource://gre/components/RequestSyncScheduler.js
resource://gre/components/ResourceStatsManager.js
resource://gre/components/SecurityReporter.js
resource://gre/components/SettingsManager.js
resource://gre/components/SiteSpecificUserAgent.js
resource://gre/components/SlowScriptDebug.js
resource://gre/components/SystemMessageCache.js
resource://gre/components/SystemMessageInternal.js
resource://gre/components/SystemMessageManager.js
resource://gre/components/SystemUpdateManager.js
resource://gre/components/TCPPresentationServer.js
resource://gre/components/TVSimulatorService.js
resource://gre/components/TelemetryStartup.js
resource://gre/components/TestInterfaceJS.js
resource://gre/components/TestInterfaceJSMaplike.js
resource://gre/components/TestStartupCacheTelemetry.js
resource://gre/components/TooltipTextProvider.js
resource://gre/components/UnifiedComplete.js
resource://gre/components/Weave.js
resource://gre/components/WebVTTParserWrapper.js
resource://gre/components/Webapps.js
resource://gre/components/XULStore.js
resource://gre/components/addonManager.js
resource://gre/components/amContentHandler.js
resource://gre/components/amInstallTrigger.js
resource://gre/components/amWebAPI.js
resource://gre/components/amWebInstallListener.js
resource://gre/components/captivedetect.js
resource://gre/components/contentAreaDropListener.js
resource://gre/components/crypto-SDR.js
resource://gre/components/defaultShims.js
resource://gre/components/htmlMenuBuilder.js
resource://gre/components/httpd.js
resource://gre/components/jsconsole-clhandler.js
resource://gre/components/marionettecomponent.js
resource://gre/components/messageWakeupService.js
resource://gre/components/multiprocessShims.js
resource://gre/components/nsAsyncShutdown.js
resource://gre/components/nsBlocklistService.js
resource://gre/components/nsBlocklistServiceContent.js
resource://gre/components/nsContentDispatchChooser.js
resource://gre/components/nsContentPrefService.js
resource://gre/components/nsCrashMonitor.js
resource://gre/components/nsDefaultCLH.js
resource://gre/components/nsDownloadManagerUI.js
resource://gre/components/nsFilePicker.js
resource://gre/components/nsFormAutoComplete.js
resource://gre/components/nsFormHistory.js
resource://gre/components/nsHandlerService.js
resource://gre/components/nsHelperAppDlg.js
resource://gre/components/nsINIProcessor.js
resource://gre/components/nsInputListAutoComplete.js
resource://gre/components/nsLivemarkService.js
resource://gre/components/nsLoginInfo.js
resource://gre/components/nsLoginManager.js
resource://gre/components/nsLoginManagerPrompter.js
resource://gre/components/nsPlacesAutoComplete.js
resource://gre/components/nsPlacesExpiration.js
resource://gre/components/nsPrompter.js
resource://gre/components/nsSearchService.js
resource://gre/components/nsSearchSuggestions.js
resource://gre/components/nsSidebar.js
resource://gre/components/nsTaggingService.js
resource://gre/components/nsTerminatorTelemetry.js
resource://gre/components/nsURLFormatter.js
resource://gre/components/nsUpdateTimerManager.js
resource://gre/components/nsUrlClassifierHashCompleter.js
resource://gre/components/nsUrlClassifierLib.js
resource://gre/components/nsUrlClassifierListManager.js
resource://gre/components/nsWebHandlerApp.js
resource://gre/components/recording-cmdline.js
resource://gre/components/simpleServices.js
resource://gre/components/storage-json.js
resource://gre/components/txEXSLTRegExFunctions.js
resource://gre/modules/AboutReader.jsm
resource://gre/modules/ActivitiesService.jsm
resource://gre/modules/ActivitiesServiceFilter.jsm
resource://gre/modules/AddonManager.jsm
resource://gre/modules/AddonWatcher.jsm
resource://gre/modules/AlarmDB.jsm
resource://gre/modules/AlarmService.jsm
resource://gre/modules/AppConstants.jsm
resource://gre/modules/AppDownloadManager.jsm
resource://gre/modules/AppsServiceChild.jsm
resource://gre/modules/AppsUtils.jsm
resource://gre/modules/AsyncPrefs.jsm
resource://gre/modules/AsyncShutdown.jsm
resource://gre/modules/AsyncSpellCheckTestHelper.jsm
resource://gre/modules/AutoCompleteE10S.jsm
resource://gre/modules/BackgroundPageThumbs.jsm
resource://gre/modules/Battery.jsm
resource://gre/modules/BinarySearch.jsm
resource://gre/modules/BookmarkHTMLUtils.jsm
resource://gre/modules/BookmarkJSONUtils.jsm
resource://gre/modules/Bookmarks.jsm
resource://gre/modules/BrowserElementPromptService.jsm
resource://gre/modules/BrowserUtils.jsm
resource://gre/modules/CanonicalJSON.jsm
resource://gre/modules/CertUtils.jsm
resource://gre/modules/CharsetMenu.jsm
resource://gre/modules/ChromeManifestParser.jsm
resource://gre/modules/ClientID.jsm
resource://gre/modules/CloudSync.jsm
resource://gre/modules/CloudSyncAdapters.jsm
resource://gre/modules/CloudSyncBookmarks.jsm
resource://gre/modules/CloudSyncBookmarksFolderCache.jsm
resource://gre/modules/CloudSyncEventSource.jsm
resource://gre/modules/CloudSyncLocal.jsm
resource://gre/modules/CloudSyncPlacesWrapper.jsm
resource://gre/modules/CloudSyncTabs.jsm
resource://gre/modules/ClusterLib.js
resource://gre/modules/ColorAnalyzer_worker.js
resource://gre/modules/ColorConversion.js
resource://gre/modules/CommonDialog.jsm
resource://gre/modules/CompatWarning.jsm
resource://gre/modules/Console.jsm
resource://gre/modules/ContactDB.jsm
resource://gre/modules/ContactService.jsm
resource://gre/modules/ContentPrefInstance.jsm
resource://gre/modules/ContentPrefService2.jsm
resource://gre/modules/ContentPrefServiceChild.jsm
resource://gre/modules/ContentPrefServiceParent.jsm
resource://gre/modules/ContentPrefStore.jsm
resource://gre/modules/ContentPrefUtils.jsm
resource://gre/modules/CrashMonitor.jsm
resource://gre/modules/Credentials.jsm
resource://gre/modules/DOMRequestHelper.jsm
resource://gre/modules/DataStoreChangeNotifier.jsm
resource://gre/modules/DataStoreCursorImpl.jsm
resource://gre/modules/DataStoreDB.jsm
resource://gre/modules/DeferredSave.jsm
resource://gre/modules/DeferredTask.jsm
resource://gre/modules/Deprecated.jsm
resource://gre/modules/DownloadCore.jsm
resource://gre/modules/DownloadImport.jsm
resource://gre/modules/DownloadIntegration.jsm
resource://gre/modules/DownloadLastDir.jsm
resource://gre/modules/DownloadList.jsm
resource://gre/modules/DownloadPaths.jsm
resource://gre/modules/DownloadStore.jsm
resource://gre/modules/DownloadTaskbarProgress.jsm
resource://gre/modules/DownloadUIHelper.jsm
resource://gre/modules/DownloadUtils.jsm
resource://gre/modules/Downloads.jsm
resource://gre/modules/Extension.jsm
resource://gre/modules/ExtensionContent.jsm
resource://gre/modules/ExtensionManagement.jsm
resource://gre/modules/ExtensionStorage.jsm
resource://gre/modules/ExtensionUtils.jsm
resource://gre/modules/FileUtils.jsm
resource://gre/modules/Finder.jsm
resource://gre/modules/ForgetAboutSite.jsm
resource://gre/modules/FormAutofill.jsm
resource://gre/modules/FormAutofillIntegration.jsm
resource://gre/modules/FormData.jsm
resource://gre/modules/FormHistory.jsm
resource://gre/modules/FreeSpaceWatcher.jsm
resource://gre/modules/FxAccounts.jsm
resource://gre/modules/FxAccountsClient.jsm
resource://gre/modules/FxAccountsCommon.js
resource://gre/modules/FxAccountsOAuthClient.jsm
resource://gre/modules/FxAccountsOAuthGrantClient.jsm
resource://gre/modules/FxAccountsProfile.jsm
resource://gre/modules/FxAccountsProfileClient.jsm
resource://gre/modules/FxAccountsPush.js
resource://gre/modules/FxAccountsStorage.jsm
resource://gre/modules/FxAccountsWebChannel.jsm
resource://gre/modules/GMPInstallManager.jsm
resource://gre/modules/GMPUtils.jsm
resource://gre/modules/Geometry.jsm
resource://gre/modules/History.jsm
resource://gre/modules/Http.jsm
resource://gre/modules/ISO8601DateUtils.jsm
resource://gre/modules/ImageObjectProcessor.jsm
resource://gre/modules/ImportExport.jsm
resource://gre/modules/IndexedDBHelper.jsm
resource://gre/modules/InlineSpellChecker.jsm
resource://gre/modules/InlineSpellCheckerContent.jsm
resource://gre/modules/InsecurePasswordUtils.jsm
resource://gre/modules/Integration.jsm
resource://gre/modules/InterAppCommService.jsm
resource://gre/modules/Keyboard.jsm
resource://gre/modules/Langpacks.jsm
resource://gre/modules/LightweightThemeConsumer.jsm
resource://gre/modules/LightweightThemeManager.jsm
resource://gre/modules/LoadContextInfo.jsm
resource://gre/modules/Locale.jsm
resource://gre/modules/Log.jsm
resource://gre/modules/LoginDoorhangers.jsm
resource://gre/modules/LoginHelper.jsm
resource://gre/modules/LoginImport.jsm
resource://gre/modules/LoginManagerContent.jsm
resource://gre/modules/LoginManagerContextMenu.jsm
resource://gre/modules/LoginManagerParent.jsm
resource://gre/modules/LoginRecipes.jsm
resource://gre/modules/LoginStore.jsm
resource://gre/modules/ManifestFinder.jsm
resource://gre/modules/ManifestObtainer.jsm
resource://gre/modules/ManifestProcessor.jsm
resource://gre/modules/MatchPattern.jsm
resource://gre/modules/MessageBroadcaster.jsm
resource://gre/modules/MessageChannel.jsm
resource://gre/modules/Microformats.js
resource://gre/modules/MozSocialAPI.jsm
resource://gre/modules/NetUtil.jsm
resource://gre/modules/NewTabUtils.jsm
resource://gre/modules/NotificationDB.jsm
resource://gre/modules/OSCrypto.jsm
resource://gre/modules/ObjectUtils.jsm
resource://gre/modules/OfflineCacheInstaller.jsm
resource://gre/modules/OperatorApps.jsm
resource://gre/modules/PageMenu.jsm
resource://gre/modules/PageMetadata.jsm
resource://gre/modules/PageThumbUtils.jsm
resource://gre/modules/PageThumbs.jsm
resource://gre/modules/PageThumbsWorker.js
resource://gre/modules/Payment.jsm
resource://gre/modules/PerfMeasurement.jsm
resource://gre/modules/PerformanceStats-content.js
resource://gre/modules/PerformanceStats.jsm
resource://gre/modules/PerformanceWatcher-content.js
resource://gre/modules/PerformanceWatcher.jsm
resource://gre/modules/PermissionSettings.jsm
resource://gre/modules/PermissionsInstaller.jsm
resource://gre/modules/PermissionsTable.jsm
resource://gre/modules/PermissionsUtils.jsm
resource://gre/modules/PhoneNumber.jsm
resource://gre/modules/PhoneNumberMetaData.jsm
resource://gre/modules/PhoneNumberNormalizer.jsm
resource://gre/modules/PhoneNumberUtils.jsm
resource://gre/modules/PlacesBackups.jsm
resource://gre/modules/PlacesDBUtils.jsm
resource://gre/modules/PlacesRemoteTabsAutocompleteProvider.jsm
resource://gre/modules/PlacesSearchAutocompleteProvider.jsm
resource://gre/modules/PlacesTransactions.jsm
resource://gre/modules/PlacesUtils.jsm
resource://gre/modules/PluralForm.jsm
resource://gre/modules/PopupNotifications.jsm
resource://gre/modules/Preferences.jsm
resource://gre/modules/Prefetcher.jsm
resource://gre/modules/PresentationApp.jsm
resource://gre/modules/PresentationDeviceInfoManager.jsm
resource://gre/modules/PrivateBrowsingUtils.jsm
resource://gre/modules/ProfileAge.jsm
resource://gre/modules/Profiler.jsm
resource://gre/modules/Promise-backend.js
resource://gre/modules/Promise.jsm
resource://gre/modules/PromiseMessage.jsm
resource://gre/modules/PromiseUtils.jsm
resource://gre/modules/PromiseWorker.jsm
resource://gre/modules/PropertyListUtils.jsm
resource://gre/modules/PushCrypto.jsm
resource://gre/modules/PushDB.jsm
resource://gre/modules/PushRecord.jsm
resource://gre/modules/PushService.jsm
resource://gre/modules/PushServiceHttp2.jsm
resource://gre/modules/PushServiceWebSocket.jsm
resource://gre/modules/ReaderMode.jsm
resource://gre/modules/RemoteAddonsChild.jsm
resource://gre/modules/RemoteAddonsParent.jsm
resource://gre/modules/RemoteController.jsm
resource://gre/modules/RemoteFinder.jsm
resource://gre/modules/RemotePageManager.jsm
resource://gre/modules/RemoteSecurityUI.jsm
resource://gre/modules/RemoteWebProgress.jsm
resource://gre/modules/RequestAutocompleteUI.jsm
resource://gre/modules/RequestSyncApp.jsm
resource://gre/modules/RequestSyncService.jsm
resource://gre/modules/RequestSyncTask.jsm
resource://gre/modules/ResetProfile.jsm
resource://gre/modules/ResourceStatsDB.jsm
resource://gre/modules/ResourceStatsService.jsm
resource://gre/modules/RokuApp.jsm
resource://gre/modules/SafeBrowsing.jsm
resource://gre/modules/Schemas.jsm
resource://gre/modules/ScriptPreloader.jsm
resource://gre/modules/ScrollPosition.jsm
resource://gre/modules/SearchStaticData.jsm
resource://gre/modules/SearchSuggestionController.jsm
resource://gre/modules/SelectContentHelper.jsm
resource://gre/modules/SelectParentHelper.jsm
resource://gre/modules/Services.jsm
resource://gre/modules/SessionRecorder.jsm
resource://gre/modules/SettingsDB.jsm
resource://gre/modules/SettingsRequestManager.jsm
resource://gre/modules/SharedPromptUtils.jsm
resource://gre/modules/ShimWaiver.jsm
resource://gre/modules/ShortcutUtils.jsm
resource://gre/modules/SimpleServiceDiscovery.jsm
resource://gre/modules/Sntp.jsm
resource://gre/modules/SocialService.jsm
resource://gre/modules/SpatialNavigation.jsm
resource://gre/modules/Sqlite.jsm
resource://gre/modules/StoreTrustAnchor.jsm
resource://gre/modules/SystemMessagePermissionsChecker.jsm
resource://gre/modules/SystemUpdateService.jsm
resource://gre/modules/Task.jsm
resource://gre/modules/TelemetryArchive.jsm
resource://gre/modules/TelemetryController.jsm
resource://gre/modules/TelemetryEnvironment.jsm
resource://gre/modules/TelemetryLog.jsm
resource://gre/modules/TelemetryReportingPolicy.jsm
resource://gre/modules/TelemetrySend.jsm
resource://gre/modules/TelemetrySession.jsm
resource://gre/modules/TelemetryStopwatch.jsm
resource://gre/modules/TelemetryStorage.jsm
resource://gre/modules/TelemetryTimestamps.jsm
resource://gre/modules/TelemetryUtils.jsm
resource://gre/modules/ThirdPartyCookieProbe.jsm
resource://gre/modules/Timer.jsm
resource://gre/modules/Troubleshoot.jsm
resource://gre/modules/UITelemetry.jsm
resource://gre/modules/UpdateUtils.jsm
resource://gre/modules/UserAgentOverrides.jsm
resource://gre/modules/UserAgentUpdates.jsm
resource://gre/modules/UserCustomizations.jsm
resource://gre/modules/ValueExtractor.jsm
resource://gre/modules/ViewSourceBrowser.jsm
resource://gre/modules/WebChannel.jsm
resource://gre/modules/WebNavigation.jsm
resource://gre/modules/WebNavigationContent.js
resource://gre/modules/WebNavigationFrames.jsm
resource://gre/modules/WebRequest.jsm
resource://gre/modules/WebRequestCommon.jsm
resource://gre/modules/WebRequestContent.js
resource://gre/modules/Webapps.jsm
resource://gre/modules/WindowDraggingUtils.jsm
resource://gre/modules/XPCOMUtils.jsm
resource://gre/modules/XPathGenerator.jsm
resource://gre/modules/ZipUtils.jsm
resource://gre/modules/accessibility/AccessFu.jsm
resource://gre/modules/accessibility/Constants.jsm
resource://gre/modules/accessibility/ContentControl.jsm
resource://gre/modules/accessibility/EventManager.jsm
resource://gre/modules/accessibility/Gestures.jsm
resource://gre/modules/accessibility/OutputGenerator.jsm
resource://gre/modules/accessibility/PointerAdapter.jsm
resource://gre/modules/accessibility/Presentation.jsm
resource://gre/modules/accessibility/Traversal.jsm
resource://gre/modules/accessibility/Utils.jsm
resource://gre/modules/addons/AddonConstants.jsm
resource://gre/modules/addons/AddonLogging.jsm
resource://gre/modules/addons/AddonRepository.jsm
resource://gre/modules/addons/AddonRepository_SQLiteMigrator.jsm
resource://gre/modules/addons/AddonUpdateChecker.jsm
resource://gre/modules/addons/Content.js
resource://gre/modules/addons/GMPProvider.jsm
resource://gre/modules/addons/LightweightThemeImageOptimizer.jsm
resource://gre/modules/addons/PluginProvider.jsm
resource://gre/modules/addons/ProductAddonChecker.jsm
resource://gre/modules/addons/SpellCheckDictionaryBootstrap.js
resource://gre/modules/addons/WebExtensionBootstrap.js
resource://gre/modules/addons/XPIProvider.jsm
resource://gre/modules/addons/XPIProviderUtils.js
resource://gre/modules/commonjs/dev/debuggee.js
resource://gre/modules/commonjs/dev/frame-script.js
resource://gre/modules/commonjs/dev/panel.js
resource://gre/modules/commonjs/dev/panel/view.js
resource://gre/modules/commonjs/dev/ports.js
resource://gre/modules/commonjs/dev/theme.js
resource://gre/modules/commonjs/dev/theme/hooks.js
resource://gre/modules/commonjs/dev/toolbox.js
resource://gre/modules/commonjs/dev/utils.js
resource://gre/modules/commonjs/dev/volcan.js
resource://gre/modules/commonjs/diffpatcher/diff.js
resource://gre/modules/commonjs/diffpatcher/index.js
resource://gre/modules/commonjs/diffpatcher/patch.js
resource://gre/modules/commonjs/diffpatcher/rebase.js
resource://gre/modules/commonjs/diffpatcher/test/common.js
resource://gre/modules/commonjs/diffpatcher/test/diff.js
resource://gre/modules/commonjs/diffpatcher/test/index.js
resource://gre/modules/commonjs/diffpatcher/test/patch.js
resource://gre/modules/commonjs/diffpatcher/test/tap.js
resource://gre/modules/commonjs/framescript/FrameScriptManager.jsm
resource://gre/modules/commonjs/framescript/content.jsm
resource://gre/modules/commonjs/framescript/context-menu.js
resource://gre/modules/commonjs/framescript/manager.js
resource://gre/modules/commonjs/framescript/util.js
resource://gre/modules/commonjs/index.js
resource://gre/modules/commonjs/jetpack-id/index.js
resource://gre/modules/commonjs/method/core.js
resource://gre/modules/commonjs/method/test/browser.js
resource://gre/modules/commonjs/method/test/common.js
resource://gre/modules/commonjs/mozilla-toolkit-versioning/index.js
resource://gre/modules/commonjs/mozilla-toolkit-versioning/lib/utils.js
resource://gre/modules/commonjs/node/os.js
resource://gre/modules/commonjs/sdk/addon/bootstrap.js
resource://gre/modules/commonjs/sdk/addon/events.js
resource://gre/modules/commonjs/sdk/addon/host.js
resource://gre/modules/commonjs/sdk/addon/installer.js
resource://gre/modules/commonjs/sdk/addon/manager.js
resource://gre/modules/commonjs/sdk/addon/runner.js
resource://gre/modules/commonjs/sdk/addon/window.js
resource://gre/modules/commonjs/sdk/base64.js
resource://gre/modules/commonjs/sdk/browser/events.js
resource://gre/modules/commonjs/sdk/clipboard.js
resource://gre/modules/commonjs/sdk/console/plain-text.js
resource://gre/modules/commonjs/sdk/console/traceback.js
resource://gre/modules/commonjs/sdk/content/content-worker.js
resource://gre/modules/commonjs/sdk/content/content.js
resource://gre/modules/commonjs/sdk/content/context-menu.js
resource://gre/modules/commonjs/sdk/content/events.js
resource://gre/modules/commonjs/sdk/content/l10n-html.js
resource://gre/modules/commonjs/sdk/content/loader.js
resource://gre/modules/commonjs/sdk/content/mod.js
resource://gre/modules/commonjs/sdk/content/page-mod.js
resource://gre/modules/commonjs/sdk/content/page-worker.js
resource://gre/modules/commonjs/sdk/content/sandbox.js
resource://gre/modules/commonjs/sdk/content/sandbox/events.js
resource://gre/modules/commonjs/sdk/content/tab-events.js
resource://gre/modules/commonjs/sdk/content/thumbnail.js
resource://gre/modules/commonjs/sdk/content/utils.js
resource://gre/modules/commonjs/sdk/content/worker-child.js
resource://gre/modules/commonjs/sdk/content/worker.js
resource://gre/modules/commonjs/sdk/context-menu.js
resource://gre/modules/commonjs/sdk/context-menu/context.js
resource://gre/modules/commonjs/sdk/context-menu/core.js
resource://gre/modules/commonjs/sdk/context-menu/readers.js
resource://gre/modules/commonjs/sdk/context-menu@2.js
resource://gre/modules/commonjs/sdk/core/disposable.js
resource://gre/modules/commonjs/sdk/core/heritage.js
resource://gre/modules/commonjs/sdk/core/namespace.js
resource://gre/modules/commonjs/sdk/core/observer.js
resource://gre/modules/commonjs/sdk/core/promise.js
resource://gre/modules/commonjs/sdk/core/reference.js
resource://gre/modules/commonjs/sdk/deprecated/api-utils.js
resource://gre/modules/commonjs/sdk/deprecated/events/assembler.js
resource://gre/modules/commonjs/sdk/deprecated/sync-worker.js
resource://gre/modules/commonjs/sdk/deprecated/unit-test-finder.js
resource://gre/modules/commonjs/sdk/deprecated/unit-test.js
resource://gre/modules/commonjs/sdk/deprecated/window-utils.js
resource://gre/modules/commonjs/sdk/dom/events-shimmed.js
resource://gre/modules/commonjs/sdk/dom/events.js
resource://gre/modules/commonjs/sdk/dom/events/keys.js
resource://gre/modules/commonjs/sdk/event/chrome.js
resource://gre/modules/commonjs/sdk/event/core.js
resource://gre/modules/commonjs/sdk/event/dom.js
resource://gre/modules/commonjs/sdk/event/target.js
resource://gre/modules/commonjs/sdk/event/utils.js
resource://gre/modules/commonjs/sdk/frame/hidden-frame.js
resource://gre/modules/commonjs/sdk/frame/utils.js
resource://gre/modules/commonjs/sdk/fs/path.js
resource://gre/modules/commonjs/sdk/hotkeys.js
resource://gre/modules/commonjs/sdk/indexed-db.js
resource://gre/modules/commonjs/sdk/input/browser.js
resource://gre/modules/commonjs/sdk/input/customizable-ui.js
resource://gre/modules/commonjs/sdk/input/frame.js
resource://gre/modules/commonjs/sdk/input/system.js
resource://gre/modules/commonjs/sdk/io/buffer.js
resource://gre/modules/commonjs/sdk/io/byte-streams.js
resource://gre/modules/commonjs/sdk/io/file.js
resource://gre/modules/commonjs/sdk/io/fs.js
resource://gre/modules/commonjs/sdk/io/stream.js
resource://gre/modules/commonjs/sdk/io/text-streams.js
resource://gre/modules/commonjs/sdk/keyboard/hotkeys.js
resource://gre/modules/commonjs/sdk/keyboard/observer.js
resource://gre/modules/commonjs/sdk/keyboard/utils.js
resource://gre/modules/commonjs/sdk/l10n.js
resource://gre/modules/commonjs/sdk/l10n/core.js
resource://gre/modules/commonjs/sdk/l10n/html.js
resource://gre/modules/commonjs/sdk/l10n/json/core.js
resource://gre/modules/commonjs/sdk/l10n/loader.js
resource://gre/modules/commonjs/sdk/l10n/locale.js
resource://gre/modules/commonjs/sdk/l10n/plural-rules.js
resource://gre/modules/commonjs/sdk/l10n/prefs.js
resource://gre/modules/commonjs/sdk/l10n/properties/core.js
resource://gre/modules/commonjs/sdk/lang/functional.js
resource://gre/modules/commonjs/sdk/lang/functional/concurrent.js
resource://gre/modules/commonjs/sdk/lang/functional/core.js
resource://gre/modules/commonjs/sdk/lang/functional/helpers.js
resource://gre/modules/commonjs/sdk/lang/type.js
resource://gre/modules/commonjs/sdk/lang/weak-set.js
resource://gre/modules/commonjs/sdk/loader/cuddlefish.js
resource://gre/modules/commonjs/sdk/loader/sandbox.js
resource://gre/modules/commonjs/sdk/messaging.js
resource://gre/modules/commonjs/sdk/model/core.js
resource://gre/modules/commonjs/sdk/net/url.js
resource://gre/modules/commonjs/sdk/net/xhr.js
resource://gre/modules/commonjs/sdk/notifications.js
resource://gre/modules/commonjs/sdk/output/system.js
resource://gre/modules/commonjs/sdk/page-mod.js
resource://gre/modules/commonjs/sdk/page-mod/match-pattern.js
resource://gre/modules/commonjs/sdk/page-worker.js
resource://gre/modules/commonjs/sdk/panel.js
resource://gre/modules/commonjs/sdk/panel/events.js
resource://gre/modules/commonjs/sdk/panel/utils.js
resource://gre/modules/commonjs/sdk/passwords.js
resource://gre/modules/commonjs/sdk/passwords/utils.js
resource://gre/modules/commonjs/sdk/places/bookmarks.js
resource://gre/modules/commonjs/sdk/places/contract.js
resource://gre/modules/commonjs/sdk/places/events.js
resource://gre/modules/commonjs/sdk/places/favicon.js
resource://gre/modules/commonjs/sdk/places/history.js
resource://gre/modules/commonjs/sdk/places/host/host-bookmarks.js
resource://gre/modules/commonjs/sdk/places/host/host-query.js
resource://gre/modules/commonjs/sdk/places/host/host-tags.js
resource://gre/modules/commonjs/sdk/places/utils.js
resource://gre/modules/commonjs/sdk/platform/xpcom.js
resource://gre/modules/commonjs/sdk/preferences/event-target.js
resource://gre/modules/commonjs/sdk/preferences/native-options.js
resource://gre/modules/commonjs/sdk/preferences/service.js
resource://gre/modules/commonjs/sdk/preferences/utils.js
resource://gre/modules/commonjs/sdk/private-browsing.js
resource://gre/modules/commonjs/sdk/private-browsing/utils.js
resource://gre/modules/commonjs/sdk/querystring.js
resource://gre/modules/commonjs/sdk/remote/child.js
resource://gre/modules/commonjs/sdk/remote/core.js
resource://gre/modules/commonjs/sdk/remote/parent.js
resource://gre/modules/commonjs/sdk/remote/utils.js
resource://gre/modules/commonjs/sdk/request.js
resource://gre/modules/commonjs/sdk/selection.js
resource://gre/modules/commonjs/sdk/self.js
resource://gre/modules/commonjs/sdk/simple-prefs.js
resource://gre/modules/commonjs/sdk/simple-storage.js
resource://gre/modules/commonjs/sdk/stylesheet/style.js
resource://gre/modules/commonjs/sdk/stylesheet/utils.js
resource://gre/modules/commonjs/sdk/system.js
resource://gre/modules/commonjs/sdk/system/child_process.js
resource://gre/modules/commonjs/sdk/system/child_process/subprocess.js
resource://gre/modules/commonjs/sdk/system/child_process/subprocess_worker_unix.js
resource://gre/modules/commonjs/sdk/system/child_process/subprocess_worker_win.js
resource://gre/modules/commonjs/sdk/system/environment.js
resource://gre/modules/commonjs/sdk/system/events-shimmed.js
resource://gre/modules/commonjs/sdk/system/events.js
resource://gre/modules/commonjs/sdk/system/globals.js
resource://gre/modules/commonjs/sdk/system/process.js
resource://gre/modules/commonjs/sdk/system/runtime.js
resource://gre/modules/commonjs/sdk/system/unload.js
resource://gre/modules/commonjs/sdk/system/xul-app.js
resource://gre/modules/commonjs/sdk/system/xul-app.jsm
resource://gre/modules/commonjs/sdk/tab/events.js
resource://gre/modules/commonjs/sdk/tabs.js
resource://gre/modules/commonjs/sdk/tabs/common.js
resource://gre/modules/commonjs/sdk/tabs/events.js
resource://gre/modules/commonjs/sdk/tabs/helpers.js
resource://gre/modules/commonjs/sdk/tabs/namespace.js
resource://gre/modules/commonjs/sdk/tabs/observer.js
resource://gre/modules/commonjs/sdk/tabs/tab-fennec.js
resource://gre/modules/commonjs/sdk/tabs/tab-firefox.js
resource://gre/modules/commonjs/sdk/tabs/tab.js
resource://gre/modules/commonjs/sdk/tabs/tabs-firefox.js
resource://gre/modules/commonjs/sdk/tabs/utils.js
resource://gre/modules/commonjs/sdk/tabs/worker.js
resource://gre/modules/commonjs/sdk/test.js
resource://gre/modules/commonjs/sdk/test/assert.js
resource://gre/modules/commonjs/sdk/test/harness.js
resource://gre/modules/commonjs/sdk/test/httpd.js
resource://gre/modules/commonjs/sdk/test/loader.js
resource://gre/modules/commonjs/sdk/test/memory.js
resource://gre/modules/commonjs/sdk/test/options.js
resource://gre/modules/commonjs/sdk/test/runner.js
resource://gre/modules/commonjs/sdk/test/utils.js
resource://gre/modules/commonjs/sdk/timers.js
resource://gre/modules/commonjs/sdk/ui.js
resource://gre/modules/commonjs/sdk/ui/button/action.js
resource://gre/modules/commonjs/sdk/ui/button/contract.js
resource://gre/modules/commonjs/sdk/ui/button/toggle.js
resource://gre/modules/commonjs/sdk/ui/button/view.js
resource://gre/modules/commonjs/sdk/ui/button/view/events.js
resource://gre/modules/commonjs/sdk/ui/component.js
resource://gre/modules/commonjs/sdk/ui/frame.js
resource://gre/modules/commonjs/sdk/ui/frame/model.js
resource://gre/modules/commonjs/sdk/ui/frame/view.js
resource://gre/modules/commonjs/sdk/ui/id.js
resource://gre/modules/commonjs/sdk/ui/sidebar.js
resource://gre/modules/commonjs/sdk/ui/sidebar/actions.js
resource://gre/modules/commonjs/sdk/ui/sidebar/contract.js
resource://gre/modules/commonjs/sdk/ui/sidebar/namespace.js
resource://gre/modules/commonjs/sdk/ui/sidebar/utils.js
resource://gre/modules/commonjs/sdk/ui/sidebar/view.js
resource://gre/modules/commonjs/sdk/ui/state.js
resource://gre/modules/commonjs/sdk/ui/state/events.js
resource://gre/modules/commonjs/sdk/ui/toolbar.js
resource://gre/modules/commonjs/sdk/ui/toolbar/model.js
resource://gre/modules/commonjs/sdk/ui/toolbar/view.js
resource://gre/modules/commonjs/sdk/uri/resource.js
resource://gre/modules/commonjs/sdk/url.js
resource://gre/modules/commonjs/sdk/url/utils.js
resource://gre/modules/commonjs/sdk/util/array.js
resource://gre/modules/commonjs/sdk/util/collection.js
resource://gre/modules/commonjs/sdk/util/contract.js
resource://gre/modules/commonjs/sdk/util/deprecate.js
resource://gre/modules/commonjs/sdk/util/dispatcher.js
resource://gre/modules/commonjs/sdk/util/list.js
resource://gre/modules/commonjs/sdk/util/match-pattern.js
resource://gre/modules/commonjs/sdk/util/object.js
resource://gre/modules/commonjs/sdk/util/rules.js
resource://gre/modules/commonjs/sdk/util/sequence.js
resource://gre/modules/commonjs/sdk/util/uuid.js
resource://gre/modules/commonjs/sdk/view/core.js
resource://gre/modules/commonjs/sdk/window/browser.js
resource://gre/modules/commonjs/sdk/window/events.js
resource://gre/modules/commonjs/sdk/window/helpers.js
resource://gre/modules/commonjs/sdk/window/namespace.js
resource://gre/modules/commonjs/sdk/window/utils.js
resource://gre/modules/commonjs/sdk/windows.js
resource://gre/modules/commonjs/sdk/windows/fennec.js
resource://gre/modules/commonjs/sdk/windows/firefox.js
resource://gre/modules/commonjs/sdk/windows/observer.js
resource://gre/modules/commonjs/sdk/windows/tabs-fennec.js
resource://gre/modules/commonjs/sdk/worker/utils.js
resource://gre/modules/commonjs/sdk/zip/utils.js
resource://gre/modules/commonjs/test.js
resource://gre/modules/commonjs/toolkit/loader.js
resource://gre/modules/commonjs/toolkit/require.js
resource://gre/modules/ctypes.jsm
resource://gre/modules/debug.js
resource://gre/modules/devtools/Console.jsm
resource://gre/modules/devtools/Loader.jsm
resource://gre/modules/devtools/Simulator.jsm
resource://gre/modules/devtools/dbg-client.jsm
resource://gre/modules/devtools/dbg-server.jsm
resource://gre/modules/devtools/event-emitter.js
resource://gre/modules/devtools/shared/Console.jsm
resource://gre/modules/devtools/shared/Loader.jsm
resource://gre/modules/devtools/shared/apps/Simulator.jsm
resource://gre/modules/identity/FirefoxAccounts.jsm
resource://gre/modules/identity/Identity.jsm
resource://gre/modules/identity/IdentityProvider.jsm
resource://gre/modules/identity/IdentityStore.jsm
resource://gre/modules/identity/IdentityUtils.jsm
resource://gre/modules/identity/LogUtils.jsm
resource://gre/modules/identity/MinimalIdentity.jsm
resource://gre/modules/identity/RelyingParty.jsm
resource://gre/modules/identity/Sandbox.jsm
resource://gre/modules/identity/jwcrypto.jsm
resource://gre/modules/jsdebugger.jsm
resource://gre/modules/lz4.js
resource://gre/modules/lz4_internal.js
resource://gre/modules/mcc_iso3166_table.jsm
resource://gre/modules/media/IdpSandbox.jsm
resource://gre/modules/media/PeerConnectionIdp.jsm
resource://gre/modules/media/RTCStatsReport.jsm
resource://gre/modules/microformat-shiv.js
resource://gre/modules/narrate/NarrateControls.jsm
resource://gre/modules/narrate/Narrator.jsm
resource://gre/modules/narrate/VoiceSelect.jsm
resource://gre/modules/nsFormAutoCompleteResult.jsm
resource://gre/modules/osfile.jsm
resource://gre/modules/osfile/osfile_async_front.jsm
resource://gre/modules/osfile/osfile_async_worker.js
resource://gre/modules/osfile/osfile_native.jsm
resource://gre/modules/osfile/osfile_shared_allthreads.jsm
resource://gre/modules/osfile/osfile_shared_front.jsm
resource://gre/modules/osfile/osfile_unix_allthreads.jsm
resource://gre/modules/osfile/osfile_unix_back.jsm
resource://gre/modules/osfile/osfile_unix_front.jsm
resource://gre/modules/osfile/osfile_win_allthreads.jsm
resource://gre/modules/osfile/osfile_win_back.jsm
resource://gre/modules/osfile/osfile_win_front.jsm
resource://gre/modules/osfile/ospath.jsm
resource://gre/modules/osfile/ospath_unix.jsm
resource://gre/modules/osfile/ospath_win.jsm
resource://gre/modules/reader/JSDOMParser.js
resource://gre/modules/reader/Readability.js
resource://gre/modules/reader/ReaderWorker.js
resource://gre/modules/reader/ReaderWorker.jsm
resource://gre/modules/reflect.jsm
resource://gre/modules/sdk/bootstrap.js
resource://gre/modules/sdk/system/Startup.js
resource://gre/modules/services-common/KintoBlocklist.js
resource://gre/modules/services-common/async.js
resource://gre/modules/services-common/hawkclient.js
resource://gre/modules/services-common/hawkrequest.js
resource://gre/modules/services-common/kinto-http-client.js
resource://gre/modules/services-common/kinto-offline-client.js
resource://gre/modules/services-common/kinto-updater.js
resource://gre/modules/services-common/logmanager.js
resource://gre/modules/services-common/observers.js
resource://gre/modules/services-common/rest.js
resource://gre/modules/services-common/stringbundle.js
resource://gre/modules/services-common/tokenserverclient.js
resource://gre/modules/services-common/utils.js
resource://gre/modules/services-crypto/WeaveCrypto.js
resource://gre/modules/services-crypto/utils.js
resource://gre/modules/services-sync/FxaMigrator.jsm
resource://gre/modules/services-sync/SyncedTabs.jsm
resource://gre/modules/services-sync/addonsreconciler.js
resource://gre/modules/services-sync/addonutils.js
resource://gre/modules/services-sync/browserid_identity.js
resource://gre/modules/services-sync/constants.js
resource://gre/modules/services-sync/engines.js
resource://gre/modules/services-sync/engines/addons.js
resource://gre/modules/services-sync/engines/bookmarks.js
resource://gre/modules/services-sync/engines/clients.js
resource://gre/modules/services-sync/engines/forms.js
resource://gre/modules/services-sync/engines/history.js
resource://gre/modules/services-sync/engines/passwords.js
resource://gre/modules/services-sync/engines/prefs.js
resource://gre/modules/services-sync/engines/tabs.js
resource://gre/modules/services-sync/identity.js
resource://gre/modules/services-sync/jpakeclient.js
resource://gre/modules/services-sync/keys.js
resource://gre/modules/services-sync/main.js
resource://gre/modules/services-sync/policies.js
resource://gre/modules/services-sync/record.js
resource://gre/modules/services-sync/resource.js
resource://gre/modules/services-sync/rest.js
resource://gre/modules/services-sync/service.js
resource://gre/modules/services-sync/stages/cluster.js
resource://gre/modules/services-sync/stages/declined.js
resource://gre/modules/services-sync/stages/enginesync.js
resource://gre/modules/services-sync/status.js
resource://gre/modules/services-sync/userapi.js
resource://gre/modules/services-sync/util.js
resource://gre/modules/sqlite/sqlite_internal.js
resource://gre/modules/third_party/jsesc/jsesc.js
resource://gre/modules/vtt.jsm
resource://gre/modules/workers/PromiseWorker.js
resource://gre/modules/workers/require.js
Executing /build/firefox/src/firefox-48.0.2/obj-x86_64-pc-linux-gnu/dist/bin/xpcshell -g /build/firefox/src/firefox-48.0.2/obj-x86_64-pc-linux-gnu/dist/bin/ -a /build/firefox/src/firefox-48.0.2/obj-x86_64-pc-linux-gnu/dist/bin/browser -f /build/firefox/src/firefox-48.0.2/toolkit/mozapps/installer/precompile_cache.js -e precompile_startupcache("resource://app/");
resource://app/components/ChromeProfileMigrator.js
resource://app/components/ExperimentsService.js
resource://app/components/FeedConverter.js
resource://app/components/FeedWriter.js
resource://app/components/FirefoxProfileMigrator.js
resource://app/components/ProfileMigrator.js
resource://app/components/SelfSupportService.js
resource://app/components/WebContentConverter.js
resource://app/components/aboutNewTabService.js
resource://app/components/devtools-startup.js
resource://app/components/nsBrowserContentHandler.js
resource://app/components/nsBrowserGlue.js
resource://app/components/nsSessionStartup.js
resource://app/components/nsSessionStore.js
resource://app/components/nsSetDefaultBrowser.js
resource://app/components/webideCli.js
resource://app/modules/AboutHome.jsm
resource://app/modules/AboutNewTab.jsm
resource://app/modules/BrowserUITelemetry.jsm
resource://app/modules/CastingApps.jsm
resource://app/modules/Chat.jsm
resource://app/modules/ContentClick.jsm
resource://app/modules/ContentCrashHandlers.jsm
resource://app/modules/ContentLinkHandler.jsm
resource://app/modules/ContentObservers.jsm
resource://app/modules/ContentSearch.jsm
resource://app/modules/ContentWebRTC.jsm
resource://app/modules/CustomizableUI.jsm
resource://app/modules/CustomizableWidgets.jsm
resource://app/modules/CustomizeMode.jsm
resource://app/modules/DirectoryLinksProvider.jsm
resource://app/modules/DownloadsCommon.jsm
resource://app/modules/DownloadsTaskbar.jsm
resource://app/modules/DownloadsViewUI.jsm
resource://app/modules/DragPositionManager.jsm
resource://app/modules/E10SUtils.jsm
resource://app/modules/Feeds.jsm
resource://app/modules/FormSubmitObserver.jsm
resource://app/modules/FormValidationHandler.jsm
resource://app/modules/HiddenFrame.jsm
resource://app/modules/LaterRun.jsm
resource://app/modules/MigrationUtils.jsm
resource://app/modules/NetworkPrioritizer.jsm
resource://app/modules/NewTabMessages.jsm
resource://app/modules/NewTabPrefsProvider.jsm
resource://app/modules/NewTabRemoteResources.jsm
resource://app/modules/NewTabURL.jsm
resource://app/modules/NewTabWebChannel.jsm
resource://app/modules/PanelFrame.jsm
resource://app/modules/PanelWideWidgetTracker.jsm
resource://app/modules/PlacesProvider.jsm
resource://app/modules/PlacesUIUtils.jsm
resource://app/modules/PluginContent.jsm
resource://app/modules/PreviewProvider.jsm
resource://app/modules/ProcessHangMonitor.jsm
resource://app/modules/ReaderParent.jsm
resource://app/modules/RecentWindow.jsm
resource://app/modules/RemotePrompt.jsm
resource://app/modules/Sanitizer.jsm
resource://app/modules/ScrollbarSampler.jsm
resource://app/modules/SelfSupportBackend.jsm
resource://app/modules/ShellService.jsm
resource://app/modules/SitePermissions.jsm
resource://app/modules/Social.jsm
resource://app/modules/TabGroupsMigrator.jsm
resource://app/modules/TransientPrefs.jsm
resource://app/modules/UITour.jsm
resource://app/modules/UserContextUI.jsm
resource://app/modules/devtools/client/framework/gDevTools.jsm
resource://app/modules/devtools/gDevTools.jsm
resource://app/modules/distribution.js
resource://app/modules/experiments/Experiments.jsm
resource://app/modules/offlineAppCache.jsm
resource://app/modules/sessionstore/ContentRestore.jsm
resource://app/modules/sessionstore/DocShellCapabilities.jsm
resource://app/modules/sessionstore/FrameTree.jsm
resource://app/modules/sessionstore/GlobalState.jsm
resource://app/modules/sessionstore/PageStyle.jsm
resource://app/modules/sessionstore/PrivacyFilter.jsm
resource://app/modules/sessionstore/PrivacyLevel.jsm
resource://app/modules/sessionstore/RecentlyClosedTabsAndWindowsMenuUtils.jsm
resource://app/modules/sessionstore/RunState.jsm
resource://app/modules/sessionstore/SessionCookies.jsm
resource://app/modules/sessionstore/SessionFile.jsm
resource://app/modules/sessionstore/SessionHistory.jsm
resource://app/modules/sessionstore/SessionMigration.jsm
resource://app/modules/sessionstore/SessionSaver.jsm
resource://app/modules/sessionstore/SessionStorage.jsm
resource://app/modules/sessionstore/SessionStore.jsm
resource://app/modules/sessionstore/SessionWorker.js
resource://app/modules/sessionstore/SessionWorker.jsm
resource://app/modules/sessionstore/StartupPerformance.jsm
resource://app/modules/sessionstore/TabAttributes.jsm
resource://app/modules/sessionstore/TabState.jsm
resource://app/modules/sessionstore/TabStateCache.jsm
resource://app/modules/sessionstore/TabStateFlusher.jsm
resource://app/modules/sessionstore/Utils.jsm
resource://app/modules/syncedtabs/EventEmitter.jsm
resource://app/modules/syncedtabs/SyncedTabsDeckComponent.js
resource://app/modules/syncedtabs/SyncedTabsDeckStore.js
resource://app/modules/syncedtabs/SyncedTabsDeckView.js
resource://app/modules/syncedtabs/SyncedTabsListStore.js
resource://app/modules/syncedtabs/TabListComponent.js
resource://app/modules/syncedtabs/TabListView.js
resource://app/modules/syncedtabs/util.js
resource://app/modules/translation/BingTranslator.jsm
resource://app/modules/translation/LanguageDetector.jsm
resource://app/modules/translation/Translation.jsm
resource://app/modules/translation/TranslationContentHandler.jsm
resource://app/modules/translation/TranslationDocument.jsm
resource://app/modules/translation/YandexTranslator.jsm
resource://app/modules/translation/cld-worker.js
resource://app/modules/webrtcUI.jsm
/build/firefox/src/firefox-48.0.2/obj-x86_64-pc-linux-gnu/_virtualenv/bin/python /build/firefox/src/firefox-48.0.2/toolkit/mozapps/installer/find-dupes.py ../../dist/firefox
Duplicates 829 bytes:
  browser/chrome/icons/default/default16.png
  browser/chrome/browser/content/branding/icon16.png

Duplicates 2472 bytes:
  browser/chrome/icons/default/default32.png
  browser/chrome/browser/content/branding/icon32.png

Duplicates 4096 bytes:
  browser/chrome/icons/default/default48.png
  browser/chrome/browser/content/branding/icon48.png

Duplicates 2084 bytes:
  browser/extensions/{972ce4c6-7e08-4474-a285-3208198ce6fd}/icon.png
  browser/chrome/browser/skin/classic/browser/theme-switcher-icon.png

Duplicates 1377 bytes:
  browser/features/firefox@getpocket.com/chrome/skin/linux/menuPanel.png
  browser/features/firefox@getpocket.com/chrome/skin/windows/menuPanel.png

Duplicates 2671 bytes:
  browser/features/firefox@getpocket.com/chrome/skin/linux/menuPanel@2x.png
  browser/features/firefox@getpocket.com/chrome/skin/windows/menuPanel@2x.png

Duplicates 11587 bytes:
  browser/features/loop@mozilla.org/chrome/content/locale-fallback/en-US/loop.properties
  browser/features/loop@mozilla.org/en-US/locale/en-US/loop.properties

Duplicates 1246 bytes:
  browser/features/loop@mozilla.org/chrome/content/shared/img/cam_audio.svg
  browser/features/loop@mozilla.org/chrome/content/shared/img/media-group.svg

Duplicates 0 bytes (3 times):
  browser/features/loop@mozilla.org/chrome/content/shared/img/sharing-active.svg
  browser/features/loop@mozilla.org/chrome/content/shared/img/sharing-hover.svg
  browser/features/loop@mozilla.org/chrome/content/shared/img/sharing-pending.svg
  browser/features/loop@mozilla.org/chrome/content/shared/img/sharing.svg

Duplicates 1475 bytes:
  browser/features/loop@mozilla.org/chrome/skin/linux/menuPanel.png
  browser/features/loop@mozilla.org/chrome/skin/windows/menuPanel.png

Duplicates 3144 bytes:
  browser/features/loop@mozilla.org/chrome/skin/linux/menuPanel@2x.png
  browser/features/loop@mozilla.org/chrome/skin/windows/menuPanel@2x.png

Duplicates 252 bytes (2 times):
  browser/features/loop@mozilla.org/chrome/skin/linux/panelarrow-vertical-warning.png
  browser/features/loop@mozilla.org/chrome/skin/osx/panelarrow-vertical-warning.png
  browser/features/loop@mozilla.org/chrome/skin/windows/panelarrow-vertical-warning.png

Duplicates 316 bytes (2 times):
  browser/features/loop@mozilla.org/chrome/skin/linux/panelarrow-vertical-warning@2x.png
  browser/features/loop@mozilla.org/chrome/skin/osx/panelarrow-vertical-warning@2x.png
  browser/features/loop@mozilla.org/chrome/skin/windows/panelarrow-vertical-warning@2x.png

Duplicates 4362 bytes:
  browser/features/loop@mozilla.org/chrome/skin/linux/toolbar-inverted.png
  browser/features/loop@mozilla.org/chrome/skin/windows/toolbar-inverted.png

Duplicates 7112 bytes:
  browser/features/loop@mozilla.org/chrome/skin/linux/toolbar-inverted@2x.png
  browser/features/loop@mozilla.org/chrome/skin/windows/toolbar-inverted@2x.png

Duplicates 17225 bytes:
  browser/icons/mozicon128.png
  browser/chrome/browser/content/branding/icon128.png

Duplicates 1111 bytes:
  browser/modules/devtools/client/framework/gDevTools.jsm
  browser/modules/devtools/gDevTools.jsm

Duplicates 9760 bytes:
  browser/chrome/browser/content/browser/defaultthemes/5.footer.png
  browser/chrome/browser/content/browser/defaultthemes/5.header.png

Duplicates 1397 bytes:
  browser/chrome/browser/content/browser/extension.svg
  browser/chrome/browser/skin/classic/browser/addons/addon-install-confirm.svg

Duplicates 1766 bytes:
  browser/chrome/browser/content/browser/places/bookmarkProperties.xul
  browser/chrome/browser/content/browser/places/bookmarkProperties2.xul

Duplicates 805 bytes:
  browser/chrome/browser/skin/classic/browser/controlcenter/warning-gray.svg
  browser/chrome/devtools/skin/images/security-state-broken.svg

Duplicates 1695 bytes:
  browser/chrome/browser/skin/classic/browser/identity-mixed-active-loaded.svg
  browser/chrome/devtools/skin/images/security-state-insecure.svg

Duplicates 1656 bytes:
  browser/chrome/browser/skin/classic/browser/identity-mixed-passive-loaded.svg
  browser/chrome/devtools/skin/images/security-state-weak.svg

Duplicates 62639 bytes:
  browser/chrome/browser/skin/classic/browser/identity-not-secure.svg
  browser/chrome/devtools/skin/images/security-state-local.svg

Duplicates 1121 bytes:
  browser/chrome/browser/skin/classic/browser/identity-secure.svg
  browser/chrome/devtools/skin/images/security-state-secure.svg

Duplicates 199 bytes:
  browser/chrome/pdfjs/content/web/images/findbarButton-next-rtl.png
  browser/chrome/pdfjs/content/web/images/findbarButton-previous.png

Duplicates 304 bytes:
  browser/chrome/pdfjs/content/web/images/findbarButton-next-rtl@2x.png
  browser/chrome/pdfjs/content/web/images/findbarButton-previous@2x.png

Duplicates 193 bytes:
  browser/chrome/pdfjs/content/web/images/findbarButton-next.png
  browser/chrome/pdfjs/content/web/images/findbarButton-previous-rtl.png

Duplicates 296 bytes:
  browser/chrome/pdfjs/content/web/images/findbarButton-next@2x.png
  browser/chrome/pdfjs/content/web/images/findbarButton-previous-rtl@2x.png

Duplicates 7402 bytes:
  browser/chrome/pdfjs/content/web/images/loading-small.png
  chrome/toolkit/skin/classic/global/icons/loading-inverted.png

Duplicates 16131 bytes:
  browser/chrome/pdfjs/content/web/images/loading-small@2x.png
  chrome/toolkit/skin/classic/global/icons/loading-inverted@2x.png

Duplicates 2217 bytes:
  browser/chrome/devtools/content/dom/content/dom-view.css
  browser/chrome/devtools/modules/devtools/client/dom/content/dom-view.css

Duplicates 979 bytes:
  browser/chrome/devtools/content/dom/dom.html
  browser/chrome/devtools/modules/devtools/client/dom/dom.html

Duplicates 940 bytes:
  browser/chrome/devtools/content/dom/main.js
  browser/chrome/devtools/modules/devtools/client/dom/main.js

Duplicates 14230 bytes:
  browser/chrome/devtools/content/framework/toolbox-options.js
  browser/chrome/devtools/modules/devtools/client/framework/toolbox-options.js

Duplicates 7208 bytes:
  browser/chrome/devtools/content/inspector/fonts/fonts.js
  browser/chrome/devtools/modules/devtools/client/inspector/fonts/fonts.js

Duplicates 23364 bytes:
  browser/chrome/devtools/content/inspector/layout/layout.js
  browser/chrome/devtools/modules/devtools/client/inspector/layout/layout.js

Duplicates 2340 bytes:
  browser/chrome/devtools/content/memory/initializer.js
  browser/chrome/devtools/modules/devtools/client/memory/initializer.js

Duplicates 2201 bytes:
  browser/chrome/devtools/content/projecteditor/lib/helpers/readdir.js
  browser/chrome/devtools/modules/devtools/client/projecteditor/lib/helpers/readdir.js

Duplicates 6470 bytes:
  browser/chrome/devtools/content/shared/frame-script-utils.js
  browser/chrome/devtools/modules/devtools/client/shared/frame-script-utils.js

Duplicates 6017 bytes:
  browser/chrome/devtools/content/shared/theme-switching.js
  browser/chrome/devtools/modules/devtools/client/shared/theme-switching.js

Duplicates 1719 bytes:
  browser/chrome/devtools/modules/devtools/client/dom/content/components/search.svg
  browser/chrome/devtools/modules/devtools/client/jsonview/css/search.svg

Duplicates 1630 bytes:
  browser/chrome/devtools/modules/devtools/client/jsonview/css/controls.png
  browser/chrome/devtools/skin/images/controls.png

Duplicates 2045 bytes:
  browser/chrome/devtools/modules/devtools/client/jsonview/css/controls@2x.png
  browser/chrome/devtools/skin/images/controls@2x.png

Duplicates 6936 bytes:
  browser/chrome/devtools/modules/devtools/client/themes/common.css
  browser/chrome/devtools/skin/common.css

Duplicates 5532 bytes:
  browser/chrome/devtools/modules/devtools/client/themes/variables.css
  browser/chrome/devtools/skin/variables.css

Duplicates 205 bytes:
  browser/chrome/devtools/skin/promisedebugger.css
  modules/commonjs/index.js

Duplicates 159280 bytes:
  firefox
  firefox-bin

Duplicates 359 bytes (2 times):
  chrome/en-US/locale/en-US/global-platform/mac/intl.properties
  chrome/en-US/locale/en-US/global-platform/unix/intl.properties
  chrome/en-US/locale/en-US/global-platform/win/intl.properties

Duplicates 495 bytes:
  chrome/en-US/locale/en-US/global-platform/unix/accessible.properties
  chrome/en-US/locale/en-US/global-platform/win/accessible.properties

Duplicates 6057 bytes:
  components/FxAccountsPush.js
  modules/FxAccountsPush.js

Duplicates 405 bytes:
  modules/commonjs/sdk/ui/button/view/events.js
  modules/commonjs/sdk/ui/state/events.js

Duplicates 1069 bytes:
  modules/devtools/Console.jsm
  modules/devtools/shared/Console.jsm

Duplicates 1125 bytes:
  modules/devtools/Loader.jsm
  modules/devtools/shared/Loader.jsm

Duplicates 1080 bytes:
  modules/devtools/Simulator.jsm
  modules/devtools/shared/apps/Simulator.jsm

Duplicates 1751 bytes:
  chrome/toolkit/skin/classic/global/icons/tabprompts-bgtexture.png
  chrome/toolkit/skin/classic/global/media/clicktoplay-bgtexture.png

Duplicates 5148 bytes:
  chrome/toolkit/skin/classic/mozapps/downloads/downloadButtons.png
  chrome/toolkit/skin/classic/mozapps/update/downloadButtons.png

Duplicates 835 bytes:
  res/table-remove-column-active.gif
  res/table-remove-row-active.gif

Duplicates 841 bytes:
  res/table-remove-column-hover.gif
  res/table-remove-row-hover.gif

Duplicates 841 bytes:
  res/table-remove-column.gif
  res/table-remove-row.gif

WARNING: Found 60 duplicated files taking 430969 bytes (uncompressed)
# Package mozharness
/build/firefox/src/firefox-48.0.2/obj-x86_64-pc-linux-gnu/_virtualenv/bin/python -m mozbuild.action.test_archive  mozharness /build/firefox/src/firefox-48.0.2/obj-x86_64-pc-linux-gnu/dist/mozharness.zip
Wrote 450 files in 667806 bytes to mozharness.zip in 0.13s
../../config/nsinstall -D /build/firefox/pkg/firefox/usr/lib/firefox
(cd ../../dist/firefox && /usr/bin/tar --exclude=precomplete --exclude=.mkdir.done -chf - .) | \
  (cd /build/firefox/pkg/firefox/usr/lib/firefox && tar -xf -)
../../config/nsinstall -D /build/firefox/pkg/firefox/usr/bin
rm -f -f /build/firefox/pkg/firefox/usr/bin/firefox
ln -s /usr/lib/firefox/firefox /build/firefox/pkg/firefox/usr/bin
make[2]: Leaving directory '/build/firefox/src/firefox-48.0.2/obj-x86_64-pc-linux-gnu/browser/installer'
make[1]: Leaving directory '/build/firefox/src/firefox-48.0.2/obj-x86_64-pc-linux-gnu'
