Buildfile: /build/src/bcel-5.2/build.xml

init:
    [mkdir] Created dir: /build/src/bcel-5.2/target/lib

get-deps:

compile:
    [mkdir] Created dir: /build/src/bcel-5.2/target/classes
    [javac] Compiling 335 source files to /build/src/bcel-5.2/target/classes
    [javac] /build/src/bcel-5.2/src/java/org/apache/bcel/generic/ReferenceType.java:226: warning: [deprecation] referencesInterface() in ObjectType has been deprecated
    [javac]         if (((this instanceof ObjectType) && ((ObjectType) this).referencesInterface())
    [javac]                                                                 ^
    [javac] /build/src/bcel-5.2/src/java/org/apache/bcel/generic/ReferenceType.java:227: warning: [deprecation] referencesInterface() in ObjectType has been deprecated
    [javac]                 || ((t instanceof ObjectType) && ((ObjectType) t).referencesInterface())) {
    [javac]                                                                  ^
    [javac] /build/src/bcel-5.2/src/java/org/apache/bcel/classfile/Utility.java:664: warning: [deprecation] getLocalVariable(int) in LocalVariableTable has been deprecated
    [javac]                     LocalVariable l = vars.getLocalVariable(var_index);
    [javac]                                           ^
    [javac] /build/src/bcel-5.2/src/java/org/apache/bcel/util/BCELFactory.java:146: warning: [deprecation] getClassName(ConstantPoolGen) in FieldOrMethod has been deprecated
    [javac]         String class_name = i.getClassName(_cp);
    [javac]                              ^
    [javac] /build/src/bcel-5.2/src/java/org/apache/bcel/util/BCELFactory.java:157: warning: [deprecation] getClassName(ConstantPoolGen) in FieldOrMethod has been deprecated
    [javac]         String class_name = i.getClassName(_cp);
    [javac]                              ^
    [javac] /build/src/bcel-5.2/src/java/org/apache/bcel/verifier/statics/Pass3aVerifier.java:551: warning: [deprecation] getClassType(ConstantPoolGen) in FieldOrMethod has been deprecated
    [javac] 			JavaClass jc = Repository.lookupClass(o.getClassType(cpg).getClassName());
    [javac] 			                                       ^
    [javac] /build/src/bcel-5.2/src/java/org/apache/bcel/verifier/statics/Pass3aVerifier.java:968: warning: [deprecation] getClassType(ConstantPoolGen) in FieldOrMethod has been deprecated
    [javac] 			JavaClass jc = Repository.lookupClass(o.getClassType(cpg).getClassName());
    [javac] 			                                       ^
    [javac] /build/src/bcel-5.2/src/java/org/apache/bcel/verifier/statics/Pass3aVerifier.java:982: warning: [deprecation] getClassType(ConstantPoolGen) in FieldOrMethod has been deprecated
    [javac] 				if (!(myOwner.getClassName().equals(o.getClassType(cpg).getClassName()))){
    [javac] 				                                     ^
    [javac] /build/src/bcel-5.2/src/java/org/apache/bcel/verifier/statics/Pass3aVerifier.java:983: warning: [deprecation] getClassType(ConstantPoolGen) in FieldOrMethod has been deprecated
    [javac] 					constraintViolated(o, "Referenced field '"+f+"' is final and must therefore be declared in the current class '"+myOwner.getClassName()+"' which is not the case: it is declared in '"+o.getClassType(cpg).getClassName()+"'.");
    [javac] 					                                                                                                                                                                                       ^
    [javac] /build/src/bcel-5.2/src/java/org/apache/bcel/verifier/statics/Pass3aVerifier.java:1007: warning: [deprecation] getClassType(ConstantPoolGen) in FieldOrMethod has been deprecated
    [javac] 			JavaClass jc = Repository.lookupClass(o.getClassType(cpg).getClassName());
    [javac] 			                                       ^
    [javac] /build/src/bcel-5.2/src/java/org/apache/bcel/verifier/statics/Pass3aVerifier.java:1046: warning: [deprecation] getClassName(ConstantPoolGen) in FieldOrMethod has been deprecated
    [javac] 			String classname = o.getClassName(cpg);
    [javac] 			                    ^
    [javac] /build/src/bcel-5.2/src/java/org/apache/bcel/verifier/statics/Pass3aVerifier.java:1077: warning: [deprecation] getClassName(ConstantPoolGen) in FieldOrMethod has been deprecated
    [javac] 			String classname = o.getClassName(cpg);
    [javac] 			                    ^
    [javac] /build/src/bcel-5.2/src/java/org/apache/bcel/verifier/statics/Pass3aVerifier.java:1142: warning: [deprecation] getClassName(ConstantPoolGen) in FieldOrMethod has been deprecated
    [javac] 			String classname = o.getClassName(cpg);
    [javac] 			                    ^
    [javac] /build/src/bcel-5.2/src/java/org/apache/bcel/verifier/statics/Pass3aVerifier.java:1174: warning: [deprecation] getClassName(ConstantPoolGen) in FieldOrMethod has been deprecated
    [javac] 			String classname = o.getClassName(cpg);
    [javac] 			                    ^
    [javac] /build/src/bcel-5.2/src/java/org/apache/bcel/verifier/structurals/InstConstraintVisitor.java:1167: warning: [deprecation] getClassType(ConstantPoolGen) in FieldOrMethod has been deprecated
    [javac] 		JavaClass jc = Repository.lookupClass(o.getClassType(cpg).getClassName());
    [javac] 		                                       ^
    [javac] /build/src/bcel-5.2/src/java/org/apache/bcel/verifier/structurals/InstConstraintVisitor.java:1209: warning: [deprecation] getClassType(ConstantPoolGen) in FieldOrMethod has been deprecated
    [javac] 			ObjectType classtype = o.getClassType(cpg);
    [javac] 			                        ^
    [javac] /build/src/bcel-5.2/src/java/org/apache/bcel/verifier/structurals/InstConstraintVisitor.java:1820: warning: [deprecation] getClassName(ConstantPoolGen) in FieldOrMethod has been deprecated
    [javac] 		String theClass = o.getClassName(cpg);
    [javac] 		                   ^
    [javac] /build/src/bcel-5.2/src/java/org/apache/bcel/verifier/structurals/InstConstraintVisitor.java:1948: warning: [deprecation] getClassName(ConstantPoolGen) in FieldOrMethod has been deprecated
    [javac] 		String theClass = o.getClassName(cpg);
    [javac] 		                   ^
    [javac] /build/src/bcel-5.2/src/java/org/apache/bcel/verifier/structurals/InstConstraintVisitor.java:2429: warning: [deprecation] referencesClass() in ObjectType has been deprecated
    [javac] 		if (! obj.referencesClass()){
    [javac] 		         ^
    [javac] /build/src/bcel-5.2/src/java/org/apache/bcel/verifier/structurals/InstConstraintVisitor.java:2481: warning: [deprecation] getClassType(ConstantPoolGen) in FieldOrMethod has been deprecated
    [javac] 		JavaClass jc = Repository.lookupClass(o.getClassType(cpg).getClassName());
    [javac] 		                                       ^
    [javac] /build/src/bcel-5.2/src/java/org/apache/bcel/verifier/structurals/InstConstraintVisitor.java:2533: warning: [deprecation] getClassType(ConstantPoolGen) in FieldOrMethod has been deprecated
    [javac] 			ObjectType classtype = o.getClassType(cpg);
    [javac] 			                        ^
    [javac] /build/src/bcel-5.2/src/java/org/apache/bcel/verifier/structurals/InstConstraintVisitor.java:2570: warning: [deprecation] getClassType(ConstantPoolGen) in FieldOrMethod has been deprecated
    [javac] 		JavaClass jc = Repository.lookupClass(o.getClassType(cpg).getClassName());
    [javac] 		                                       ^
    [javac] Note: Some input files use unchecked or unsafe operations.
    [javac] Note: Recompile with -Xlint:unchecked for details.
    [javac] 22 warnings
    [mkdir] Created dir: /build/src/bcel-5.2/target/classes/META-INF
     [copy] Copying 1 file to /build/src/bcel-5.2/target/classes/META-INF

junit-present:

compile-tests:

internal-test:

test:

jar:
      [jar] Building jar: /build/src/bcel-5.2/target/bcel-5.2.jar

BUILD SUCCESSFUL
Total time: 4 seconds
