firefox W: Unused shared library '/usr/lib/libpthread.so.0' by file ('usr/lib/firefox/libmozgtk.so')
firefox W: Unused shared library '/usr/lib/libgtk-3.so.0' by file ('usr/lib/firefox/libmozgtk.so')
firefox W: Unused shared library '/usr/lib/libgdk-3.so.0' by file ('usr/lib/firefox/libmozgtk.so')
firefox W: Unused shared library '/usr/lib/libpthread.so.0' by file ('usr/lib/firefox/liblgpllibs.so')
firefox W: Unused shared library '/usr/lib/libpthread.so.0' by file ('usr/lib/firefox/gmp-clearkey/0.1/libclearkey.so')
firefox W: Unused shared library '/usr/lib/libpthread.so.0' by file ('usr/lib/firefox/browser/components/libbrowsercomps.so')
firefox W: Unused shared library '/usr/lib/libstdc++.so.6' by file ('usr/lib/firefox/browser/components/libbrowsercomps.so')
firefox W: Unused shared library '/usr/lib/libpthread.so.0' by file ('usr/lib/firefox/gtk2/libmozgtk.so')
firefox W: Unused shared library '/usr/lib/libgtk-x11-2.0.so.0' by file ('usr/lib/firefox/gtk2/libmozgtk.so')
firefox W: Unused shared library '/usr/lib/libgdk-x11-2.0.so.0' by file ('usr/lib/firefox/gtk2/libmozgtk.so')
firefox W: Referenced library 'liblgpllibs.so' is an uninstalled dependency
firefox W: Referenced library 'libmozavutil.so' is an uninstalled dependency
firefox W: Referenced library 'libxul.so' is an uninstalled dependency
firefox W: Referenced library 'libmozgtk.so' is an uninstalled dependency
firefox E: Symlink (usr/lib/firefox/dictionaries) points to non-existing /usr/share/hunspell
firefox E: Symlink (usr/lib/firefox/hyphenation) points to non-existing /usr/share/hyphen
firefox W: Dependency included and not needed ('mozilla-common')
firefox W: Dependency included and not needed ('mime-types')
firefox W: Dependency alsa-lib included but already satisfied
firefox W: Dependency included and not needed ('ffmpeg')
firefox W: Dependency sqlite included but already satisfied
firefox W: Dependency included and not needed ('ttf-font')
